<?xml version="1.0" encoding="UTF-8"?>
<testsuite name="com.plzt.onenet.main.MainTest" time="0.015" tests="1" errors="1" skipped="0" failures="0">
  <properties>
[...]
</properties>
  <testcase name="test1" classname="com.plzt.onenet.main.MainTest" time="0.015">
    <error message="Failed to load ApplicationContext" type="java.lang.IllegalStateException">java.lang.IllegalStateException: Failed to load ApplicationContext
	at org.springframework.test.context.cache.DefaultCacheAwareContextLoaderDelegate.loadContext(DefaultCacheAwareContextLoaderDelegate.java:124)
	at org.springframework.test.context.support.DefaultTestContext.getApplicationContext(DefaultTestContext.java:83)
	at org.springframework.test.context.web.ServletTestExecutionListener.setUpRequestContextIfNecessary(ServletTestExecutionListener.java:189)
	at org.springframework.test.context.web.ServletTestExecutionListener.prepareTestInstance(ServletTestExecutionListener.java:131)
	at org.springframework.test.context.TestContextManager.prepareTestInstance(TestContextManager.java:230)
	at org.springframework.test.context.junit4.SpringJUnit4ClassRunner.createTest(SpringJUnit4ClassRunner.java:228)
	at org.springframework.test.context.junit4.SpringJUnit4ClassRunner$1.runReflectiveCall(SpringJUnit4ClassRunner.java:287)
	at org.junit.internal.runners.model.ReflectiveCallable.run(ReflectiveCallable.java:12)
	at org.springframework.test.context.junit4.SpringJUnit4ClassRunner.methodBlock(SpringJUnit4ClassRunner.java:289)
	at org.springframework.test.context.junit4.SpringJUnit4ClassRunner.runChild(SpringJUnit4ClassRunner.java:247)
	at org.springframework.test.context.junit4.SpringJUnit4ClassRunner.runChild(SpringJUnit4ClassRunner.java:94)
	at org.junit.runners.ParentRunner$3.run(ParentRunner.java:290)
	at org.junit.runners.ParentRunner$1.schedule(ParentRunner.java:71)
	at org.junit.runners.ParentRunner.runChildren(ParentRunner.java:288)
	at org.junit.runners.ParentRunner.access$000(ParentRunner.java:58)
	at org.junit.runners.ParentRunner$2.evaluate(ParentRunner.java:268)
	at org.springframework.test.context.junit4.statements.RunBeforeTestClassCallbacks.evaluate(RunBeforeTestClassCallbacks.java:61)
	at org.springframework.test.context.junit4.statements.RunAfterTestClassCallbacks.evaluate(RunAfterTestClassCallbacks.java:70)
	at org.junit.runners.ParentRunner.run(ParentRunner.java:363)
	at org.springframework.test.context.junit4.SpringJUnit4ClassRunner.run(SpringJUnit4ClassRunner.java:191)
	at org.apache.maven.surefire.junit4.JUnit4Provider.execute(JUnit4Provider.java:283)
	at org.apache.maven.surefire.junit4.JUnit4Provider.executeWithRerun(JUnit4Provider.java:173)
	at org.apache.maven.surefire.junit4.JUnit4Provider.executeTestSet(JUnit4Provider.java:153)
	at org.apache.maven.surefire.junit4.JUnit4Provider.invoke(JUnit4Provider.java:128)
	at org.apache.maven.surefire.booter.ForkedBooter.invokeProviderInSameClassLoader(ForkedBooter.java:203)
	at org.apache.maven.surefire.booter.ForkedBooter.runSuitesInProcess(ForkedBooter.java:155)
	at org.apache.maven.surefire.booter.ForkedBooter.main(ForkedBooter.java:103)
Caused by: org.springframework.beans.factory.UnsatisfiedDependencyException: Error creating bean with name 'mainController': Unsatisfied dependency expressed through field 'restTemplate'; nested exception is org.springframework.beans.factory.NoSuchBeanDefinitionException: No qualifying bean of type 'org.springframework.web.client.RestTemplate' available: expected at least 1 bean which qualifies as autowire candidate. Dependency annotations: {@org.springframework.beans.factory.annotation.Autowired(required=true)}
	at org.springframework.beans.factory.annotation.AutowiredAnnotationBeanPostProcessor$AutowiredFieldElement.inject(AutowiredAnnotationBeanPostProcessor.java:588)
	at org.springframework.beans.factory.annotation.InjectionMetadata.inject(InjectionMetadata.java:88)
	at org.springframework.beans.factory.annotation.AutowiredAnnotationBeanPostProcessor.postProcessPropertyValues(AutowiredAnnotationBeanPostProcessor.java:366)
	at org.springframework.beans.factory.support.AbstractAutowireCapableBeanFactory.populateBean(AbstractAutowireCapableBeanFactory.java:1272)
	at org.springframework.beans.factory.support.AbstractAutowireCapableBeanFactory.doCreateBean(AbstractAutowireCapableBeanFactory.java:553)
	at org.springframework.beans.factory.support.AbstractAutowireCapableBeanFactory.createBean(AbstractAutowireCapableBeanFactory.java:483)
	at org.springframework.beans.factory.support.AbstractBeanFactory$1.getObject(AbstractBeanFactory.java:312)
	at org.springframework.beans.factory.support.DefaultSingletonBeanRegistry.getSingleton(DefaultSingletonBeanRegistry.java:230)
	at org.springframework.beans.factory.support.AbstractBeanFactory.doGetBean(AbstractBeanFactory.java:308)
	at org.springframework.beans.factory.support.AbstractBeanFactory.getBean(AbstractBeanFactory.java:197)
	at org.springframework.beans.factory.support.DefaultListableBeanFactory.preInstantiateSingletons(DefaultListableBeanFactory.java:761)
	at org.springframework.context.support.AbstractApplicationContext.finishBeanFactoryInitialization(AbstractApplicationContext.java:867)
	at org.springframework.context.support.AbstractApplicationContext.refresh(AbstractApplicationContext.java:543)
	at org.springframework.boot.SpringApplication.refresh(SpringApplication.java:693)
	at org.springframework.boot.SpringApplication.refreshContext(SpringApplication.java:360)
	at org.springframework.boot.SpringApplication.run(SpringApplication.java:303)
	at org.springframework.boot.test.context.SpringBootContextLoader.loadContext(SpringBootContextLoader.java:121)
	at org.springframework.test.context.cache.DefaultCacheAwareContextLoaderDelegate.loadContextInternal(DefaultCacheAwareContextLoaderDelegate.java:98)
	at org.springframework.test.context.cache.DefaultCacheAwareContextLoaderDelegate.loadContext(DefaultCacheAwareContextLoaderDelegate.java:116)
	at org.springframework.test.context.support.DefaultTestContext.getApplicationContext(DefaultTestContext.java:83)
	at org.springframework.test.context.web.ServletTestExecutionListener.setUpRequestContextIfNecessary(ServletTestExecutionListener.java:189)
	at org.springframework.test.context.web.ServletTestExecutionListener.prepareTestInstance(ServletTestExecutionListener.java:131)
	at org.springframework.test.context.TestContextManager.prepareTestInstance(TestContextManager.java:230)
	at org.springframework.test.context.junit4.SpringJUnit4ClassRunner.createTest(SpringJUnit4ClassRunner.java:228)
	at org.springframework.test.context.junit4.SpringJUnit4ClassRunner$1.runReflectiveCall(SpringJUnit4ClassRunner.java:287)
	at org.junit.internal.runners.model.ReflectiveCallable.run(ReflectiveCallable.java:12)
	at org.springframework.test.context.junit4.SpringJUnit4ClassRunner.methodBlock(SpringJUnit4ClassRunner.java:289)
	at org.springframework.test.context.junit4.SpringJUnit4ClassRunner.runChild(SpringJUnit4ClassRunner.java:247)
	at org.springframework.test.context.junit4.SpringJUnit4ClassRunner.runChild(SpringJUnit4ClassRunner.java:94)
	at org.junit.runners.ParentRunner$3.run(ParentRunner.java:290)
	at org.junit.runners.ParentRunner$1.schedule(ParentRunner.java:71)
	at org.junit.runners.ParentRunner.runChildren(ParentRunner.java:288)
	at org.junit.runners.ParentRunner.access$000(ParentRunner.java:58)
	at org.junit.runners.ParentRunner$2.evaluate(ParentRunner.java:268)
	at org.springframework.test.context.junit4.statements.RunBeforeTestClassCallbacks.evaluate(RunBeforeTestClassCallbacks.java:61)
	at org.springframework.test.context.junit4.statements.RunAfterTestClassCallbacks.evaluate(RunAfterTestClassCallbacks.java:70)
	at org.junit.runners.ParentRunner.run(ParentRunner.java:363)
	at org.springframework.test.context.junit4.SpringJUnit4ClassRunner.run(SpringJUnit4ClassRunner.java:191)
	at org.apache.maven.surefire.junit4.JUnit4Provider.execute(JUnit4Provider.java:283)
	at org.apache.maven.surefire.junit4.JUnit4Provider.executeWithRerun(JUnit4Provider.java:173)
	at org.apache.maven.surefire.junit4.JUnit4Provider.executeTestSet(JUnit4Provider.java:153)
	at org.apache.maven.surefire.junit4.JUnit4Provider.invoke(JUnit4Provider.java:128)
	at org.apache.maven.surefire.booter.ForkedBooter.invokeProviderInSameClassLoader(ForkedBooter.java:203)
	at org.apache.maven.surefire.booter.ForkedBooter.runSuitesInProcess(ForkedBooter.java:155)
	at org.apache.maven.surefire.booter.ForkedBooter.main(ForkedBooter.java:103)
Caused by: org.springframework.beans.factory.NoSuchBeanDefinitionException: No qualifying bean of type 'org.springframework.web.client.RestTemplate' available: expected at least 1 bean which qualifies as autowire candidate. Dependency annotations: {@org.springframework.beans.factory.annotation.Autowired(required=true)}
	at org.springframework.beans.factory.support.DefaultListableBeanFactory.raiseNoMatchingBeanFound(DefaultListableBeanFactory.java:1493)
	at org.springframework.beans.factory.support.DefaultListableBeanFactory.doResolveDependency(DefaultListableBeanFactory.java:1104)
	at org.springframework.beans.factory.support.DefaultListableBeanFactory.resolveDependency(DefaultListableBeanFactory.java:1066)
	at org.springframework.beans.factory.annotation.AutowiredAnnotationBeanPostProcessor$AutowiredFieldElement.inject(AutowiredAnnotationBeanPostProcessor.java:585)
	at org.springframework.beans.factory.annotation.InjectionMetadata.inject(InjectionMetadata.java:88)
	at org.springframework.beans.factory.annotation.AutowiredAnnotationBeanPostProcessor.postProcessPropertyValues(AutowiredAnnotationBeanPostProcessor.java:366)
	at org.springframework.beans.factory.support.AbstractAutowireCapableBeanFactory.populateBean(AbstractAutowireCapableBeanFactory.java:1272)
	at org.springframework.beans.factory.support.AbstractAutowireCapableBeanFactory.doCreateBean(AbstractAutowireCapableBeanFactory.java:553)
	at org.springframework.beans.factory.support.AbstractAutowireCapableBeanFactory.createBean(AbstractAutowireCapableBeanFactory.java:483)
	at org.springframework.beans.factory.support.AbstractBeanFactory$1.getObject(AbstractBeanFactory.java:312)
	at org.springframework.beans.factory.support.DefaultSingletonBeanRegistry.getSingleton(DefaultSingletonBeanRegistry.java:230)
	at org.springframework.beans.factory.support.AbstractBeanFactory.doGetBean(AbstractBeanFactory.java:308)
	at org.springframework.beans.factory.support.AbstractBeanFactory.getBean(AbstractBeanFactory.java:197)
	at org.springframework.beans.factory.support.DefaultListableBeanFactory.preInstantiateSingletons(DefaultListableBeanFactory.java:761)
	at org.springframework.context.support.AbstractApplicationContext.finishBeanFactoryInitialization(AbstractApplicationContext.java:867)
	at org.springframework.context.support.AbstractApplicationContext.refresh(AbstractApplicationContext.java:543)
	at org.springframework.boot.SpringApplication.refresh(SpringApplication.java:693)
	at org.springframework.boot.SpringApplication.refreshContext(SpringApplication.java:360)
	at org.springframework.boot.SpringApplication.run(SpringApplication.java:303)
	at org.springframework.boot.test.context.SpringBootContextLoader.loadContext(SpringBootContextLoader.java:121)
	at org.springframework.test.context.cache.DefaultCacheAwareContextLoaderDelegate.loadContextInternal(DefaultCacheAwareContextLoaderDelegate.java:98)
	at org.springframework.test.context.cache.DefaultCacheAwareContextLoaderDelegate.loadContext(DefaultCacheAwareContextLoaderDelegate.java:116)
	at org.springframework.test.context.support.DefaultTestContext.getApplicationContext(DefaultTestContext.java:83)
	at org.springframework.test.context.web.ServletTestExecutionListener.setUpRequestContextIfNecessary(ServletTestExecutionListener.java:189)
	at org.springframework.test.context.web.ServletTestExecutionListener.prepareTestInstance(ServletTestExecutionListener.java:131)
	at org.springframework.test.context.TestContextManager.prepareTestInstance(TestContextManager.java:230)
	at org.springframework.test.context.junit4.SpringJUnit4ClassRunner.createTest(SpringJUnit4ClassRunner.java:228)
	at org.springframework.test.context.junit4.SpringJUnit4ClassRunner$1.runReflectiveCall(SpringJUnit4ClassRunner.java:287)
	at org.junit.internal.runners.model.ReflectiveCallable.run(ReflectiveCallable.java:12)
	at org.springframework.test.context.junit4.SpringJUnit4ClassRunner.methodBlock(SpringJUnit4ClassRunner.java:289)
	at org.springframework.test.context.junit4.SpringJUnit4ClassRunner.runChild(SpringJUnit4ClassRunner.java:247)
	at org.springframework.test.context.junit4.SpringJUnit4ClassRunner.runChild(SpringJUnit4ClassRunner.java:94)
	at org.junit.runners.ParentRunner$3.run(ParentRunner.java:290)
	at org.junit.runners.ParentRunner$1.schedule(ParentRunner.java:71)
	at org.junit.runners.ParentRunner.runChildren(ParentRunner.java:288)
	at org.junit.runners.ParentRunner.access$000(ParentRunner.java:58)
	at org.junit.runners.ParentRunner$2.evaluate(ParentRunner.java:268)
	at org.springframework.test.context.junit4.statements.RunBeforeTestClassCallbacks.evaluate(RunBeforeTestClassCallbacks.java:61)
	at org.springframework.test.context.junit4.statements.RunAfterTestClassCallbacks.evaluate(RunAfterTestClassCallbacks.java:70)
	at org.junit.runners.ParentRunner.run(ParentRunner.java:363)
	at org.springframework.test.context.junit4.SpringJUnit4ClassRunner.run(SpringJUnit4ClassRunner.java:191)
	at org.apache.maven.surefire.junit4.JUnit4Provider.execute(JUnit4Provider.java:283)
	at org.apache.maven.surefire.junit4.JUnit4Provider.executeWithRerun(JUnit4Provider.java:173)
	at org.apache.maven.surefire.junit4.JUnit4Provider.executeTestSet(JUnit4Provider.java:153)
	at org.apache.maven.surefire.junit4.JUnit4Provider.invoke(JUnit4Provider.java:128)
	at org.apache.maven.surefire.booter.ForkedBooter.invokeProviderInSameClassLoader(ForkedBooter.java:203)
	at org.apache.maven.surefire.booter.ForkedBooter.runSuitesInProcess(ForkedBooter.java:155)
	at org.apache.maven.surefire.booter.ForkedBooter.main(ForkedBooter.java:103)
</error>
    <system-out><![CDATA[13:42:30.621 [main] DEBUG org.springframework.test.context.junit4.SpringJUnit4ClassRunner - SpringJUnit4ClassRunner constructor called with [class com.plzt.onenet.main.MainTest]
13:42:30.637 [main] DEBUG org.springframework.test.context.BootstrapUtils - Instantiating CacheAwareContextLoaderDelegate from class [org.springframework.test.context.cache.DefaultCacheAwareContextLoaderDelegate]
13:42:30.699 [main] DEBUG org.springframework.test.context.BootstrapUtils - Instantiating BootstrapContext using constructor [public org.springframework.test.context.support.DefaultBootstrapContext(java.lang.Class,org.springframework.test.context.CacheAwareContextLoaderDelegate)]
13:42:30.818 [main] DEBUG org.springframework.test.context.BootstrapUtils - Instantiating TestContextBootstrapper for test class [com.plzt.onenet.main.MainTest] from class [org.springframework.boot.test.context.SpringBootTestContextBootstrapper]
13:42:30.850 [main] INFO org.springframework.boot.test.context.SpringBootTestContextBootstrapper - Neither @ContextConfiguration nor @ContextHierarchy found for test class [com.plzt.onenet.main.MainTest], using SpringBootContextLoader
13:42:30.865 [main] DEBUG org.springframework.test.context.support.AbstractContextLoader - Did not detect default resource location for test class [com.plzt.onenet.main.MainTest]: class path resource [com/plzt/onenet/main/MainTest-context.xml] does not exist
13:42:30.865 [main] DEBUG org.springframework.test.context.support.AbstractContextLoader - Did not detect default resource location for test class [com.plzt.onenet.main.MainTest]: class path resource [com/plzt/onenet/main/MainTestContext.groovy] does not exist
13:42:30.865 [main] INFO org.springframework.test.context.support.AbstractContextLoader - Could not detect default resource locations for test class [com.plzt.onenet.main.MainTest]: no resource found for suffixes {-context.xml, Context.groovy}.
13:42:30.865 [main] INFO org.springframework.test.context.support.AnnotationConfigContextLoaderUtils - Could not detect default configuration classes for test class [com.plzt.onenet.main.MainTest]: MainTest does not declare any static, non-private, non-final, nested classes annotated with @Configuration.
13:42:30.943 [main] DEBUG org.springframework.test.context.support.ActiveProfilesUtils - Could not find an 'annotation declaring class' for annotation type [org.springframework.test.context.ActiveProfiles] and class [com.plzt.onenet.main.MainTest]
13:42:30.974 [main] DEBUG org.springframework.core.env.StandardEnvironment - Adding PropertySource 'systemProperties' with lowest search precedence
13:42:30.974 [main] DEBUG org.springframework.core.env.StandardEnvironment - Adding PropertySource 'systemEnvironment' with lowest search precedence
13:42:30.974 [main] DEBUG org.springframework.core.env.StandardEnvironment - Initialized StandardEnvironment with PropertySources [MapPropertySource@961419791 {name='systemProperties', properties={java.runtime.name=Java(TM) SE Runtime Environment, sun.boot.library.path=F:\java\jdk8\jre\bin, java.vm.version=25.121-b13, java.vm.vendor=Oracle Corporation, java.vendor.url=http://java.oracle.com/, path.separator=;, java.vm.name=Java HotSpot(TM) 64-Bit Server VM, file.encoding.pkg=sun.io, user.country=CN, user.script=, sun.java.launcher=SUN_STANDARD, sun.os.patch.level=Service Pack 1, java.vm.specification.name=Java Virtual Machine Specification, user.dir=E:\STS-WorkSpace-Wong\plzt-onenet, java.runtime.version=1.8.0_121-b13, basedir=E:\STS-WorkSpace-Wong\plzt-onenet, java.awt.graphicsenv=sun.awt.Win32GraphicsEnvironment, java.endorsed.dirs=F:\java\jdk8\jre\lib\endorsed, os.arch=amd64, surefire.real.class.path=E:\STS-WorkSpace-Wong\plzt-onenet\target\surefire\surefirebooter3636144969322488644.jar, java.io.tmpdir=C:\Users\ADMINI~1\AppData\Local\Temp\, line.separator=
, java.vm.specification.vendor=Oracle Corporation, user.variant=, os.name=Windows 7, sun.jnu.encoding=GBK, java.library.path=F:\java\jdk8\jre\bin;C:\Windows\Sun\Java\bin;C:\Windows\system32;C:\Windows;C:/Program Files/Java/jre1.8.0_161/bin/server;C:/Program Files/Java/jre1.8.0_161/bin;C:/Program Files/Java/jre1.8.0_161/lib/amd64;C:\ProgramData\Oracle\Java\javapath;F:\java\jdk8\bin;F:\java\jdk8\jre\bin;F:\TortoiseSVN\bin;c:\windows\system32;F:\apache-tomcat-8.5.14\bin;F:\apache-tomcat-8.5.14\lib;F:\apache-maven-3.3.9\bin;E:\sts-3.9.0.RELEASE;;., surefire.test.class.path=E:\STS-WorkSpace-Wong\plzt-onenet\target\test-classes;E:\STS-WorkSpace-Wong\plzt-onenet\target\classes;E:\MavenRepository\org\springframework\boot\spring-boot-starter-web\1.5.13.RELEASE\spring-boot-starter-web-1.5.13.RELEASE.jar;E:\MavenRepository\org\springframework\boot\spring-boot-starter\1.5.13.RELEASE\spring-boot-starter-1.5.13.RELEASE.jar;E:\MavenRepository\org\springframework\boot\spring-boot\1.5.13.RELEASE\spring-boot-1.5.13.RELEASE.jar;E:\MavenRepository\org\springframework\boot\spring-boot-autoconfigure\1.5.13.RELEASE\spring-boot-autoconfigure-1.5.13.RELEASE.jar;E:\MavenRepository\org\springframework\boot\spring-boot-starter-logging\1.5.13.RELEASE\spring-boot-starter-logging-1.5.13.RELEASE.jar;E:\MavenRepository\org\slf4j\jcl-over-slf4j\1.7.20\jcl-over-slf4j-1.7.20.jar;E:\MavenRepository\org\slf4j\jul-to-slf4j\1.7.20\jul-to-slf4j-1.7.20.jar;E:\MavenRepository\org\slf4j\log4j-over-slf4j\1.7.20\log4j-over-slf4j-1.7.20.jar;E:\MavenRepository\org\yaml\snakeyaml\1.17\snakeyaml-1.17.jar;E:\MavenRepository\org\springframework\boot\spring-boot-starter-tomcat\1.5.13.RELEASE\spring-boot-starter-tomcat-1.5.13.RELEASE.jar;E:\MavenRepository\org\apache\tomcat\embed\tomcat-embed-core\8.5.31\tomcat-embed-core-8.5.31.jar;E:\MavenRepository\org\apache\tomcat\tomcat-annotations-api\8.5.31\tomcat-annotations-api-8.5.31.jar;E:\MavenRepository\org\apache\tomcat\embed\tomcat-embed-el\8.5.31\tomcat-embed-el-8.5.31.jar;E:\MavenRepository\org\apache\tomcat\embed\tomcat-embed-websocket\8.5.31\tomcat-embed-websocket-8.5.31.jar;E:\MavenRepository\org\hibernate\hibernate-validator\5.3.6.Final\hibernate-validator-5.3.6.Final.jar;E:\MavenRepository\javax\validation\validation-api\1.1.0.Final\validation-api-1.1.0.Final.jar;E:\MavenRepository\org\jboss\logging\jboss-logging\3.3.2.Final\jboss-logging-3.3.2.Final.jar;E:\MavenRepository\com\fasterxml\classmate\1.3.4\classmate-1.3.4.jar;E:\MavenRepository\com\fasterxml\jackson\core\jackson-databind\2.8.11.1\jackson-databind-2.8.11.1.jar;E:\MavenRepository\com\fasterxml\jackson\core\jackson-annotations\2.8.0\jackson-annotations-2.8.0.jar;E:\MavenRepository\com\fasterxml\jackson\core\jackson-core\2.8.11\jackson-core-2.8.11.jar;E:\MavenRepository\org\springframework\spring-web\4.3.17.RELEASE\spring-web-4.3.17.RELEASE.jar;E:\MavenRepository\org\springframework\spring-aop\4.3.17.RELEASE\spring-aop-4.3.17.RELEASE.jar;E:\MavenRepository\org\springframework\spring-beans\4.3.17.RELEASE\spring-beans-4.3.17.RELEASE.jar;E:\MavenRepository\org\springframework\spring-context\4.3.17.RELEASE\spring-context-4.3.17.RELEASE.jar;E:\MavenRepository\org\springframework\spring-webmvc\4.3.17.RELEASE\spring-webmvc-4.3.17.RELEASE.jar;E:\MavenRepository\org\springframework\spring-expression\4.3.17.RELEASE\spring-expression-4.3.17.RELEASE.jar;E:\MavenRepository\org\springframework\boot\spring-boot-starter-test\1.5.13.RELEASE\spring-boot-starter-test-1.5.13.RELEASE.jar;E:\MavenRepository\org\springframework\boot\spring-boot-test\1.5.13.RELEASE\spring-boot-test-1.5.13.RELEASE.jar;E:\MavenRepository\org\springframework\boot\spring-boot-test-autoconfigure\1.5.13.RELEASE\spring-boot-test-autoconfigure-1.5.13.RELEASE.jar;E:\MavenRepository\com\jayway\jsonpath\json-path\2.2.0\json-path-2.2.0.jar;E:\MavenRepository\net\minidev\json-smart\2.2.1\json-smart-2.2.1.jar;E:\MavenRepository\net\minidev\accessors-smart\1.1\accessors-smart-1.1.jar;E:\MavenRepository\org\ow2\asm\asm\5.0.3\asm-5.0.3.jar;E:\MavenRepository\org\assertj\assertj-core\2.6.0\assertj-core-2.6.0.jar;E:\MavenRepository\org\mockito\mockito-core\1.10.19\mockito-core-1.10.19.jar;E:\MavenRepository\org\objenesis\objenesis\2.1\objenesis-2.1.jar;E:\MavenRepository\org\hamcrest\hamcrest-core\1.3\hamcrest-core-1.3.jar;E:\MavenRepository\org\hamcrest\hamcrest-library\1.3\hamcrest-library-1.3.jar;E:\MavenRepository\org\skyscreamer\jsonassert\1.4.0\jsonassert-1.4.0.jar;E:\MavenRepository\com\vaadin\external\google\android-json\0.0.20131108.vaadin1\android-json-0.0.20131108.vaadin1.jar;E:\MavenRepository\org\springframework\spring-core\4.3.17.RELEASE\spring-core-4.3.17.RELEASE.jar;E:\MavenRepository\org\springframework\spring-test\4.3.17.RELEASE\spring-test-4.3.17.RELEASE.jar;E:\MavenRepository\junit\junit\4.12\junit-4.12.jar;E:\MavenRepository\org\json\json\20180130\json-20180130.jar;E:\MavenRepository\org\apache\commons\commons-lang3\3.4\commons-lang3-3.4.jar;E:\MavenRepository\commons-collections\commons-collections\3.2.1\commons-collections-3.2.1.jar;E:\MavenRepository\org\slf4j\slf4j-api\1.7.20\slf4j-api-1.7.20.jar;E:\MavenRepository\ch\qos\logback\logback-classic\1.2.3\logback-classic-1.2.3.jar;E:\MavenRepository\ch\qos\logback\logback-core\1.2.3\logback-core-1.2.3.jar;E:\MavenRepository\com\squareup\okhttp3\okhttp\3.5.0\okhttp-3.5.0.jar;E:\MavenRepository\com\squareup\okio\okio\1.11.0\okio-1.11.0.jar;, java.specification.name=Java Platform API Specification, java.class.version=52.0, sun.management.compiler=HotSpot 64-Bit Tiered Compilers, os.version=6.1, user.home=C:\Users\Administrator, user.timezone=Asia/Shanghai, java.awt.printerjob=sun.awt.windows.WPrinterJob, file.encoding=GBK, java.specification.version=1.8, java.class.path=E:\STS-WorkSpace-Wong\plzt-onenet\target\test-classes;E:\STS-WorkSpace-Wong\plzt-onenet\target\classes;E:\MavenRepository\org\springframework\boot\spring-boot-starter-web\1.5.13.RELEASE\spring-boot-starter-web-1.5.13.RELEASE.jar;E:\MavenRepository\org\springframework\boot\spring-boot-starter\1.5.13.RELEASE\spring-boot-starter-1.5.13.RELEASE.jar;E:\MavenRepository\org\springframework\boot\spring-boot\1.5.13.RELEASE\spring-boot-1.5.13.RELEASE.jar;E:\MavenRepository\org\springframework\boot\spring-boot-autoconfigure\1.5.13.RELEASE\spring-boot-autoconfigure-1.5.13.RELEASE.jar;E:\MavenRepository\org\springframework\boot\spring-boot-starter-logging\1.5.13.RELEASE\spring-boot-starter-logging-1.5.13.RELEASE.jar;E:\MavenRepository\org\slf4j\jcl-over-slf4j\1.7.20\jcl-over-slf4j-1.7.20.jar;E:\MavenRepository\org\slf4j\jul-to-slf4j\1.7.20\jul-to-slf4j-1.7.20.jar;E:\MavenRepository\org\slf4j\log4j-over-slf4j\1.7.20\log4j-over-slf4j-1.7.20.jar;E:\MavenRepository\org\yaml\snakeyaml\1.17\snakeyaml-1.17.jar;E:\MavenRepository\org\springframework\boot\spring-boot-starter-tomcat\1.5.13.RELEASE\spring-boot-starter-tomcat-1.5.13.RELEASE.jar;E:\MavenRepository\org\apache\tomcat\embed\tomcat-embed-core\8.5.31\tomcat-embed-core-8.5.31.jar;E:\MavenRepository\org\apache\tomcat\tomcat-annotations-api\8.5.31\tomcat-annotations-api-8.5.31.jar;E:\MavenRepository\org\apache\tomcat\embed\tomcat-embed-el\8.5.31\tomcat-embed-el-8.5.31.jar;E:\MavenRepository\org\apache\tomcat\embed\tomcat-embed-websocket\8.5.31\tomcat-embed-websocket-8.5.31.jar;E:\MavenRepository\org\hibernate\hibernate-validator\5.3.6.Final\hibernate-validator-5.3.6.Final.jar;E:\MavenRepository\javax\validation\validation-api\1.1.0.Final\validation-api-1.1.0.Final.jar;E:\MavenRepository\org\jboss\logging\jboss-logging\3.3.2.Final\jboss-logging-3.3.2.Final.jar;E:\MavenRepository\com\fasterxml\classmate\1.3.4\classmate-1.3.4.jar;E:\MavenRepository\com\fasterxml\jackson\core\jackson-databind\2.8.11.1\jackson-databind-2.8.11.1.jar;E:\MavenRepository\com\fasterxml\jackson\core\jackson-annotations\2.8.0\jackson-annotations-2.8.0.jar;E:\MavenRepository\com\fasterxml\jackson\core\jackson-core\2.8.11\jackson-core-2.8.11.jar;E:\MavenRepository\org\springframework\spring-web\4.3.17.RELEASE\spring-web-4.3.17.RELEASE.jar;E:\MavenRepository\org\springframework\spring-aop\4.3.17.RELEASE\spring-aop-4.3.17.RELEASE.jar;E:\MavenRepository\org\springframework\spring-beans\4.3.17.RELEASE\spring-beans-4.3.17.RELEASE.jar;E:\MavenRepository\org\springframework\spring-context\4.3.17.RELEASE\spring-context-4.3.17.RELEASE.jar;E:\MavenRepository\org\springframework\spring-webmvc\4.3.17.RELEASE\spring-webmvc-4.3.17.RELEASE.jar;E:\MavenRepository\org\springframework\spring-expression\4.3.17.RELEASE\spring-expression-4.3.17.RELEASE.jar;E:\MavenRepository\org\springframework\boot\spring-boot-starter-test\1.5.13.RELEASE\spring-boot-starter-test-1.5.13.RELEASE.jar;E:\MavenRepository\org\springframework\boot\spring-boot-test\1.5.13.RELEASE\spring-boot-test-1.5.13.RELEASE.jar;E:\MavenRepository\org\springframework\boot\spring-boot-test-autoconfigure\1.5.13.RELEASE\spring-boot-test-autoconfigure-1.5.13.RELEASE.jar;E:\MavenRepository\com\jayway\jsonpath\json-path\2.2.0\json-path-2.2.0.jar;E:\MavenRepository\net\minidev\json-smart\2.2.1\json-smart-2.2.1.jar;E:\MavenRepository\net\minidev\accessors-smart\1.1\accessors-smart-1.1.jar;E:\MavenRepository\org\ow2\asm\asm\5.0.3\asm-5.0.3.jar;E:\MavenRepository\org\assertj\assertj-core\2.6.0\assertj-core-2.6.0.jar;E:\MavenRepository\org\mockito\mockito-core\1.10.19\mockito-core-1.10.19.jar;E:\MavenRepository\org\objenesis\objenesis\2.1\objenesis-2.1.jar;E:\MavenRepository\org\hamcrest\hamcrest-core\1.3\hamcrest-core-1.3.jar;E:\MavenRepository\org\hamcrest\hamcrest-library\1.3\hamcrest-library-1.3.jar;E:\MavenRepository\org\skyscreamer\jsonassert\1.4.0\jsonassert-1.4.0.jar;E:\MavenRepository\com\vaadin\external\google\android-json\0.0.20131108.vaadin1\android-json-0.0.20131108.vaadin1.jar;E:\MavenRepository\org\springframework\spring-core\4.3.17.RELEASE\spring-core-4.3.17.RELEASE.jar;E:\MavenRepository\org\springframework\spring-test\4.3.17.RELEASE\spring-test-4.3.17.RELEASE.jar;E:\MavenRepository\junit\junit\4.12\junit-4.12.jar;E:\MavenRepository\org\json\json\20180130\json-20180130.jar;E:\MavenRepository\org\apache\commons\commons-lang3\3.4\commons-lang3-3.4.jar;E:\MavenRepository\commons-collections\commons-collections\3.2.1\commons-collections-3.2.1.jar;E:\MavenRepository\org\slf4j\slf4j-api\1.7.20\slf4j-api-1.7.20.jar;E:\MavenRepository\ch\qos\logback\logback-classic\1.2.3\logback-classic-1.2.3.jar;E:\MavenRepository\ch\qos\logback\logback-core\1.2.3\logback-core-1.2.3.jar;E:\MavenRepository\com\squareup\okhttp3\okhttp\3.5.0\okhttp-3.5.0.jar;E:\MavenRepository\com\squareup\okio\okio\1.11.0\okio-1.11.0.jar;, user.name=Administrator, java.vm.specification.version=1.8, sun.java.command=E:\STS-WorkSpace-Wong\plzt-onenet\target\surefire\surefirebooter3636144969322488644.jar E:\STS-WorkSpace-Wong\plzt-onenet\target\surefire\surefire155348687821644500tmp E:\STS-WorkSpace-Wong\plzt-onenet\target\surefire\surefire_05698774913256620807tmp, java.home=F:\java\jdk8\jre, sun.arch.data.model=64, user.language=zh, java.specification.vendor=Oracle Corporation, awt.toolkit=sun.awt.windows.WToolkit, java.vm.info=mixed mode, java.version=1.8.0_121, java.ext.dirs=F:\java\jdk8\jre\lib\ext;C:\Windows\Sun\Java\lib\ext, sun.boot.class.path=F:\java\jdk8\jre\lib\resources.jar;F:\java\jdk8\jre\lib\rt.jar;F:\java\jdk8\jre\lib\sunrsasign.jar;F:\java\jdk8\jre\lib\jsse.jar;F:\java\jdk8\jre\lib\jce.jar;F:\java\jdk8\jre\lib\charsets.jar;F:\java\jdk8\jre\lib\jfr.jar;F:\java\jdk8\jre\classes, java.vendor=Oracle Corporation, localRepository=E:\MavenRepository, file.separator=\, java.vendor.url.bug=http://bugreport.sun.com/bugreport/, sun.io.unicode.encoding=UnicodeLittle, sun.cpu.endian=little, sun.desktop=windows, sun.cpu.isalist=amd64}}, SystemEnvironmentPropertySource@665188480 {name='systemEnvironment', properties={PATH=C:/Program Files/Java/jre1.8.0_161/bin/server;C:/Program Files/Java/jre1.8.0_161/bin;C:/Program Files/Java/jre1.8.0_161/lib/amd64;C:\ProgramData\Oracle\Java\javapath;F:\java\jdk8\bin;F:\java\jdk8\jre\bin;F:\TortoiseSVN\bin;c:\windows\system32;F:\apache-tomcat-8.5.14\bin;F:\apache-tomcat-8.5.14\lib;F:\apache-maven-3.3.9\bin;E:\sts-3.9.0.RELEASE;, PROCESSOR_LEVEL=6, SYSTEMDRIVE=C:, FP_NO_HOST_CHECK=NO, SESSIONNAME=Console, ALLUSERSPROFILE=C:\ProgramData, PROCESSOR_ARCHITECTURE=AMD64, =E:=E:\STS-WorkSpace-Wong\plzt-onenet, PROGRAMFILES=C:\Program Files, MOZ_PLUGIN_PATH=F:\FoxitReader\plugins\, PSMODULEPATH=C:\Windows\system32\WindowsPowerShell\v1.0\Modules\, PROGRAMDATA=C:\ProgramData, USERNAME=Administrator, TOMCAT_HOME=F:\tomcat\apache-tomcat-7.0.70, PATHEXT=.COM;.EXE;.BAT;.CMD;.VBS;.VBE;.JS;.JSE;.WSF;.WSH;.MSC, DEVMGR_SHOW_DETAILS=1, WINDIR=C:\Windows, HOMEPATH=\Users\Administrator, PROCESSOR_IDENTIFIER=Intel64 Family 6 Model 42 Stepping 7, GenuineIntel, WINDOWS_TRACING_LOGFILE=C:\BVTBin\Tests\installpackage\csilogfile.log, M2_HOME=F:\apache-maven-3.3.9, PUBLIC=C:\Users\Public, AMDAPPSDKROOT=C:\Program Files (x86)\AMD APP\, =::=::\, LOCALAPPDATA=C:\Users\Administrator\AppData\Local, COMMONPROGRAMFILES(X86)=C:\Program Files (x86)\Common Files, USERDOMAIN=PC-201305031918, LOGONSERVER=\\PC-201305031918, JAVA_HOME=F:\java\jdk8, PROMPT=$P$G, PROGRAMFILES(X86)=C:\Program Files (x86), CATALINA_BASE=F:\apache-tomcat-8.5.14, WINDOWS_TRACING_FLAGS=3, APPDATA=C:\Users\Administrator\AppData\Roaming, PROGRAMW6432=C:\Program Files, SYSTEMROOT=C:\Windows, VBOX_MSI_INSTALL_PATH=F:\VirtualBox\, OS=Windows_NT, COMMONPROGRAMW6432=C:\Program Files\Common Files, COMPUTERNAME=PC-201305031918, COMMONPROGRAMFILES=C:\Program Files\Common Files, COMSPEC=C:\Windows\system32\cmd.exe, CATALINA_HOME=F:\apache-tomcat-8.5.14, PROCESSOR_REVISION=2a07, CLASSPATH=.;F:\java\jdk8\lib\dt.jar;F:\java\jdk8\lib\tools.jar;, TEMP=C:\Users\ADMINI~1\AppData\Local\Temp, HOMEDRIVE=C:, USERPROFILE=C:\Users\Administrator, TMP=C:\Users\ADMINI~1\AppData\Local\Temp, VS110COMNTOOLS=E:\VS\ZCX\Common7\Tools\, NUMBER_OF_PROCESSORS=4, PHP_FCGI_MAX_REQUESTS=0}}]
13:42:31.021 [main] DEBUG org.springframework.core.io.support.PathMatchingResourcePatternResolver - Resolved classpath location [com/plzt/onenet/main/] to resources [URL [file:/E:/STS-WorkSpace-Wong/plzt-onenet/target/test-classes/com/plzt/onenet/main/], URL [file:/E:/STS-WorkSpace-Wong/plzt-onenet/target/classes/com/plzt/onenet/main/]]
13:42:31.021 [main] DEBUG org.springframework.core.io.support.PathMatchingResourcePatternResolver - Looking for matching resources in directory tree [E:\STS-WorkSpace-Wong\plzt-onenet\target\test-classes\com\plzt\onenet\main]
13:42:31.021 [main] DEBUG org.springframework.core.io.support.PathMatchingResourcePatternResolver - Searching directory [E:\STS-WorkSpace-Wong\plzt-onenet\target\test-classes\com\plzt\onenet\main] for files matching pattern [E:/STS-WorkSpace-Wong/plzt-onenet/target/test-classes/com/plzt/onenet/main/*.class]
13:42:31.021 [main] DEBUG org.springframework.core.io.support.PathMatchingResourcePatternResolver - Looking for matching resources in directory tree [E:\STS-WorkSpace-Wong\plzt-onenet\target\classes\com\plzt\onenet\main]
13:42:31.021 [main] DEBUG org.springframework.core.io.support.PathMatchingResourcePatternResolver - Searching directory [E:\STS-WorkSpace-Wong\plzt-onenet\target\classes\com\plzt\onenet\main] for files matching pattern [E:/STS-WorkSpace-Wong/plzt-onenet/target/classes/com/plzt/onenet/main/*.class]
13:42:31.037 [main] DEBUG org.springframework.core.io.support.PathMatchingResourcePatternResolver - Resolved location pattern [classpath*:com/plzt/onenet/main/*.class] to resources [file [E:\STS-WorkSpace-Wong\plzt-onenet\target\test-classes\com\plzt\onenet\main\MainTest.class], file [E:\STS-WorkSpace-Wong\plzt-onenet\target\classes\com\plzt\onenet\main\Starter.class]]
13:42:31.162 [main] DEBUG org.springframework.context.annotation.ClassPathScanningCandidateComponentProvider - Identified candidate component class: file [E:\STS-WorkSpace-Wong\plzt-onenet\target\classes\com\plzt\onenet\main\Starter.class]
13:42:31.162 [main] INFO org.springframework.boot.test.context.SpringBootTestContextBootstrapper - Found @SpringBootConfiguration com.plzt.onenet.main.Starter for test class com.plzt.onenet.main.MainTest
13:42:31.177 [main] DEBUG org.springframework.boot.test.context.SpringBootTestContextBootstrapper - @TestExecutionListeners is not present for class [com.plzt.onenet.main.MainTest]: using defaults.
13:42:31.177 [main] INFO org.springframework.boot.test.context.SpringBootTestContextBootstrapper - Loaded default TestExecutionListener class names from location [META-INF/spring.factories]: [org.springframework.boot.test.mock.mockito.MockitoTestExecutionListener, org.springframework.boot.test.mock.mockito.ResetMocksTestExecutionListener, org.springframework.boot.test.autoconfigure.restdocs.RestDocsTestExecutionListener, org.springframework.boot.test.autoconfigure.web.client.MockRestServiceServerResetTestExecutionListener, org.springframework.boot.test.autoconfigure.web.servlet.MockMvcPrintOnlyOnFailureTestExecutionListener, org.springframework.boot.test.autoconfigure.web.servlet.WebDriverTestExecutionListener, org.springframework.test.context.web.ServletTestExecutionListener, org.springframework.test.context.support.DirtiesContextBeforeModesTestExecutionListener, org.springframework.test.context.support.DependencyInjectionTestExecutionListener, org.springframework.test.context.support.DirtiesContextTestExecutionListener, org.springframework.test.context.transaction.TransactionalTestExecutionListener, org.springframework.test.context.jdbc.SqlScriptsTestExecutionListener]
13:42:31.208 [main] DEBUG org.springframework.boot.test.context.SpringBootTestContextBootstrapper - Could not instantiate TestExecutionListener [org.springframework.test.context.transaction.TransactionalTestExecutionListener]. Specify custom listener classes or make the default listener classes (and their required dependencies) available. Offending class: [org/springframework/transaction/interceptor/TransactionAttributeSource]
13:42:31.208 [main] DEBUG org.springframework.boot.test.context.SpringBootTestContextBootstrapper - Could not instantiate TestExecutionListener [org.springframework.test.context.jdbc.SqlScriptsTestExecutionListener]. Specify custom listener classes or make the default listener classes (and their required dependencies) available. Offending class: [org/springframework/transaction/interceptor/TransactionAttribute]
13:42:31.208 [main] INFO org.springframework.boot.test.context.SpringBootTestContextBootstrapper - Using TestExecutionListeners: [org.springframework.test.context.web.ServletTestExecutionListener@76b10754, org.springframework.test.context.support.DirtiesContextBeforeModesTestExecutionListener@2bea5ab4, org.springframework.boot.test.mock.mockito.MockitoTestExecutionListener@3d8314f0, org.springframework.boot.test.autoconfigure.SpringBootDependencyInjectionTestExecutionListener@2df32bf7, org.springframework.test.context.support.DirtiesContextTestExecutionListener@530612ba, org.springframework.boot.test.mock.mockito.ResetMocksTestExecutionListener@2a40cd94, org.springframework.boot.test.autoconfigure.restdocs.RestDocsTestExecutionListener@f4168b8, org.springframework.boot.test.autoconfigure.web.client.MockRestServiceServerResetTestExecutionListener@3bd94634, org.springframework.boot.test.autoconfigure.web.servlet.MockMvcPrintOnlyOnFailureTestExecutionListener@58a90037, org.springframework.boot.test.autoconfigure.web.servlet.WebDriverTestExecutionListener@74294adb]
13:42:31.224 [main] DEBUG org.springframework.test.annotation.ProfileValueUtils - Retrieved @ProfileValueSourceConfiguration [null] for test class [com.plzt.onenet.main.MainTest]
13:42:31.224 [main] DEBUG org.springframework.test.annotation.ProfileValueUtils - Retrieved ProfileValueSource type [class org.springframework.test.annotation.SystemProfileValueSource] for class [com.plzt.onenet.main.MainTest]
13:42:31.224 [main] DEBUG org.springframework.test.context.junit4.SpringJUnit4ClassRunner - SpringJUnit4ClassRunner constructor called with [class com.plzt.onenet.main.MainTest]
13:42:31.224 [main] DEBUG org.springframework.test.context.BootstrapUtils - Instantiating CacheAwareContextLoaderDelegate from class [org.springframework.test.context.cache.DefaultCacheAwareContextLoaderDelegate]
13:42:31.224 [main] DEBUG org.springframework.test.context.BootstrapUtils - Instantiating BootstrapContext using constructor [public org.springframework.test.context.support.DefaultBootstrapContext(java.lang.Class,org.springframework.test.context.CacheAwareContextLoaderDelegate)]
13:42:31.224 [main] DEBUG org.springframework.test.context.BootstrapUtils - Instantiating TestContextBootstrapper for test class [com.plzt.onenet.main.MainTest] from class [org.springframework.boot.test.context.SpringBootTestContextBootstrapper]
13:42:31.240 [main] INFO org.springframework.boot.test.context.SpringBootTestContextBootstrapper - Neither @ContextConfiguration nor @ContextHierarchy found for test class [com.plzt.onenet.main.MainTest], using SpringBootContextLoader
13:42:31.240 [main] DEBUG org.springframework.test.context.support.AbstractContextLoader - Did not detect default resource location for test class [com.plzt.onenet.main.MainTest]: class path resource [com/plzt/onenet/main/MainTest-context.xml] does not exist
13:42:31.240 [main] DEBUG org.springframework.test.context.support.AbstractContextLoader - Did not detect default resource location for test class [com.plzt.onenet.main.MainTest]: class path resource [com/plzt/onenet/main/MainTestContext.groovy] does not exist
13:42:31.255 [main] INFO org.springframework.test.context.support.AbstractContextLoader - Could not detect default resource locations for test class [com.plzt.onenet.main.MainTest]: no resource found for suffixes {-context.xml, Context.groovy}.
13:42:31.255 [main] INFO org.springframework.test.context.support.AnnotationConfigContextLoaderUtils - Could not detect default configuration classes for test class [com.plzt.onenet.main.MainTest]: MainTest does not declare any static, non-private, non-final, nested classes annotated with @Configuration.
13:42:31.286 [main] DEBUG org.springframework.test.context.support.ActiveProfilesUtils - Could not find an 'annotation declaring class' for annotation type [org.springframework.test.context.ActiveProfiles] and class [com.plzt.onenet.main.MainTest]
13:42:31.286 [main] DEBUG org.springframework.core.env.StandardEnvironment - Adding PropertySource 'systemProperties' with lowest search precedence
13:42:31.286 [main] DEBUG org.springframework.core.env.StandardEnvironment - Adding PropertySource 'systemEnvironment' with lowest search precedence
13:42:31.286 [main] DEBUG org.springframework.core.env.StandardEnvironment - Initialized StandardEnvironment with PropertySources [MapPropertySource@868964689 {name='systemProperties', properties={java.runtime.name=Java(TM) SE Runtime Environment, sun.boot.library.path=F:\java\jdk8\jre\bin, java.vm.version=25.121-b13, java.vm.vendor=Oracle Corporation, java.vendor.url=http://java.oracle.com/, path.separator=;, java.vm.name=Java HotSpot(TM) 64-Bit Server VM, file.encoding.pkg=sun.io, user.country=CN, user.script=, sun.java.launcher=SUN_STANDARD, sun.os.patch.level=Service Pack 1, java.vm.specification.name=Java Virtual Machine Specification, user.dir=E:\STS-WorkSpace-Wong\plzt-onenet, java.runtime.version=1.8.0_121-b13, basedir=E:\STS-WorkSpace-Wong\plzt-onenet, java.awt.graphicsenv=sun.awt.Win32GraphicsEnvironment, java.endorsed.dirs=F:\java\jdk8\jre\lib\endorsed, os.arch=amd64, surefire.real.class.path=E:\STS-WorkSpace-Wong\plzt-onenet\target\surefire\surefirebooter3636144969322488644.jar, java.io.tmpdir=C:\Users\ADMINI~1\AppData\Local\Temp\, line.separator=
, java.vm.specification.vendor=Oracle Corporation, user.variant=, os.name=Windows 7, sun.jnu.encoding=GBK, java.library.path=F:\java\jdk8\jre\bin;C:\Windows\Sun\Java\bin;C:\Windows\system32;C:\Windows;C:/Program Files/Java/jre1.8.0_161/bin/server;C:/Program Files/Java/jre1.8.0_161/bin;C:/Program Files/Java/jre1.8.0_161/lib/amd64;C:\ProgramData\Oracle\Java\javapath;F:\java\jdk8\bin;F:\java\jdk8\jre\bin;F:\TortoiseSVN\bin;c:\windows\system32;F:\apache-tomcat-8.5.14\bin;F:\apache-tomcat-8.5.14\lib;F:\apache-maven-3.3.9\bin;E:\sts-3.9.0.RELEASE;;., surefire.test.class.path=E:\STS-WorkSpace-Wong\plzt-onenet\target\test-classes;E:\STS-WorkSpace-Wong\plzt-onenet\target\classes;E:\MavenRepository\org\springframework\boot\spring-boot-starter-web\1.5.13.RELEASE\spring-boot-starter-web-1.5.13.RELEASE.jar;E:\MavenRepository\org\springframework\boot\spring-boot-starter\1.5.13.RELEASE\spring-boot-starter-1.5.13.RELEASE.jar;E:\MavenRepository\org\springframework\boot\spring-boot\1.5.13.RELEASE\spring-boot-1.5.13.RELEASE.jar;E:\MavenRepository\org\springframework\boot\spring-boot-autoconfigure\1.5.13.RELEASE\spring-boot-autoconfigure-1.5.13.RELEASE.jar;E:\MavenRepository\org\springframework\boot\spring-boot-starter-logging\1.5.13.RELEASE\spring-boot-starter-logging-1.5.13.RELEASE.jar;E:\MavenRepository\org\slf4j\jcl-over-slf4j\1.7.20\jcl-over-slf4j-1.7.20.jar;E:\MavenRepository\org\slf4j\jul-to-slf4j\1.7.20\jul-to-slf4j-1.7.20.jar;E:\MavenRepository\org\slf4j\log4j-over-slf4j\1.7.20\log4j-over-slf4j-1.7.20.jar;E:\MavenRepository\org\yaml\snakeyaml\1.17\snakeyaml-1.17.jar;E:\MavenRepository\org\springframework\boot\spring-boot-starter-tomcat\1.5.13.RELEASE\spring-boot-starter-tomcat-1.5.13.RELEASE.jar;E:\MavenRepository\org\apache\tomcat\embed\tomcat-embed-core\8.5.31\tomcat-embed-core-8.5.31.jar;E:\MavenRepository\org\apache\tomcat\tomcat-annotations-api\8.5.31\tomcat-annotations-api-8.5.31.jar;E:\MavenRepository\org\apache\tomcat\embed\tomcat-embed-el\8.5.31\tomcat-embed-el-8.5.31.jar;E:\MavenRepository\org\apache\tomcat\embed\tomcat-embed-websocket\8.5.31\tomcat-embed-websocket-8.5.31.jar;E:\MavenRepository\org\hibernate\hibernate-validator\5.3.6.Final\hibernate-validator-5.3.6.Final.jar;E:\MavenRepository\javax\validation\validation-api\1.1.0.Final\validation-api-1.1.0.Final.jar;E:\MavenRepository\org\jboss\logging\jboss-logging\3.3.2.Final\jboss-logging-3.3.2.Final.jar;E:\MavenRepository\com\fasterxml\classmate\1.3.4\classmate-1.3.4.jar;E:\MavenRepository\com\fasterxml\jackson\core\jackson-databind\2.8.11.1\jackson-databind-2.8.11.1.jar;E:\MavenRepository\com\fasterxml\jackson\core\jackson-annotations\2.8.0\jackson-annotations-2.8.0.jar;E:\MavenRepository\com\fasterxml\jackson\core\jackson-core\2.8.11\jackson-core-2.8.11.jar;E:\MavenRepository\org\springframework\spring-web\4.3.17.RELEASE\spring-web-4.3.17.RELEASE.jar;E:\MavenRepository\org\springframework\spring-aop\4.3.17.RELEASE\spring-aop-4.3.17.RELEASE.jar;E:\MavenRepository\org\springframework\spring-beans\4.3.17.RELEASE\spring-beans-4.3.17.RELEASE.jar;E:\MavenRepository\org\springframework\spring-context\4.3.17.RELEASE\spring-context-4.3.17.RELEASE.jar;E:\MavenRepository\org\springframework\spring-webmvc\4.3.17.RELEASE\spring-webmvc-4.3.17.RELEASE.jar;E:\MavenRepository\org\springframework\spring-expression\4.3.17.RELEASE\spring-expression-4.3.17.RELEASE.jar;E:\MavenRepository\org\springframework\boot\spring-boot-starter-test\1.5.13.RELEASE\spring-boot-starter-test-1.5.13.RELEASE.jar;E:\MavenRepository\org\springframework\boot\spring-boot-test\1.5.13.RELEASE\spring-boot-test-1.5.13.RELEASE.jar;E:\MavenRepository\org\springframework\boot\spring-boot-test-autoconfigure\1.5.13.RELEASE\spring-boot-test-autoconfigure-1.5.13.RELEASE.jar;E:\MavenRepository\com\jayway\jsonpath\json-path\2.2.0\json-path-2.2.0.jar;E:\MavenRepository\net\minidev\json-smart\2.2.1\json-smart-2.2.1.jar;E:\MavenRepository\net\minidev\accessors-smart\1.1\accessors-smart-1.1.jar;E:\MavenRepository\org\ow2\asm\asm\5.0.3\asm-5.0.3.jar;E:\MavenRepository\org\assertj\assertj-core\2.6.0\assertj-core-2.6.0.jar;E:\MavenRepository\org\mockito\mockito-core\1.10.19\mockito-core-1.10.19.jar;E:\MavenRepository\org\objenesis\objenesis\2.1\objenesis-2.1.jar;E:\MavenRepository\org\hamcrest\hamcrest-core\1.3\hamcrest-core-1.3.jar;E:\MavenRepository\org\hamcrest\hamcrest-library\1.3\hamcrest-library-1.3.jar;E:\MavenRepository\org\skyscreamer\jsonassert\1.4.0\jsonassert-1.4.0.jar;E:\MavenRepository\com\vaadin\external\google\android-json\0.0.20131108.vaadin1\android-json-0.0.20131108.vaadin1.jar;E:\MavenRepository\org\springframework\spring-core\4.3.17.RELEASE\spring-core-4.3.17.RELEASE.jar;E:\MavenRepository\org\springframework\spring-test\4.3.17.RELEASE\spring-test-4.3.17.RELEASE.jar;E:\MavenRepository\junit\junit\4.12\junit-4.12.jar;E:\MavenRepository\org\json\json\20180130\json-20180130.jar;E:\MavenRepository\org\apache\commons\commons-lang3\3.4\commons-lang3-3.4.jar;E:\MavenRepository\commons-collections\commons-collections\3.2.1\commons-collections-3.2.1.jar;E:\MavenRepository\org\slf4j\slf4j-api\1.7.20\slf4j-api-1.7.20.jar;E:\MavenRepository\ch\qos\logback\logback-classic\1.2.3\logback-classic-1.2.3.jar;E:\MavenRepository\ch\qos\logback\logback-core\1.2.3\logback-core-1.2.3.jar;E:\MavenRepository\com\squareup\okhttp3\okhttp\3.5.0\okhttp-3.5.0.jar;E:\MavenRepository\com\squareup\okio\okio\1.11.0\okio-1.11.0.jar;, java.specification.name=Java Platform API Specification, java.class.version=52.0, sun.management.compiler=HotSpot 64-Bit Tiered Compilers, os.version=6.1, user.home=C:\Users\Administrator, user.timezone=Asia/Shanghai, java.awt.printerjob=sun.awt.windows.WPrinterJob, file.encoding=GBK, java.specification.version=1.8, java.class.path=E:\STS-WorkSpace-Wong\plzt-onenet\target\test-classes;E:\STS-WorkSpace-Wong\plzt-onenet\target\classes;E:\MavenRepository\org\springframework\boot\spring-boot-starter-web\1.5.13.RELEASE\spring-boot-starter-web-1.5.13.RELEASE.jar;E:\MavenRepository\org\springframework\boot\spring-boot-starter\1.5.13.RELEASE\spring-boot-starter-1.5.13.RELEASE.jar;E:\MavenRepository\org\springframework\boot\spring-boot\1.5.13.RELEASE\spring-boot-1.5.13.RELEASE.jar;E:\MavenRepository\org\springframework\boot\spring-boot-autoconfigure\1.5.13.RELEASE\spring-boot-autoconfigure-1.5.13.RELEASE.jar;E:\MavenRepository\org\springframework\boot\spring-boot-starter-logging\1.5.13.RELEASE\spring-boot-starter-logging-1.5.13.RELEASE.jar;E:\MavenRepository\org\slf4j\jcl-over-slf4j\1.7.20\jcl-over-slf4j-1.7.20.jar;E:\MavenRepository\org\slf4j\jul-to-slf4j\1.7.20\jul-to-slf4j-1.7.20.jar;E:\MavenRepository\org\slf4j\log4j-over-slf4j\1.7.20\log4j-over-slf4j-1.7.20.jar;E:\MavenRepository\org\yaml\snakeyaml\1.17\snakeyaml-1.17.jar;E:\MavenRepository\org\springframework\boot\spring-boot-starter-tomcat\1.5.13.RELEASE\spring-boot-starter-tomcat-1.5.13.RELEASE.jar;E:\MavenRepository\org\apache\tomcat\embed\tomcat-embed-core\8.5.31\tomcat-embed-core-8.5.31.jar;E:\MavenRepository\org\apache\tomcat\tomcat-annotations-api\8.5.31\tomcat-annotations-api-8.5.31.jar;E:\MavenRepository\org\apache\tomcat\embed\tomcat-embed-el\8.5.31\tomcat-embed-el-8.5.31.jar;E:\MavenRepository\org\apache\tomcat\embed\tomcat-embed-websocket\8.5.31\tomcat-embed-websocket-8.5.31.jar;E:\MavenRepository\org\hibernate\hibernate-validator\5.3.6.Final\hibernate-validator-5.3.6.Final.jar;E:\MavenRepository\javax\validation\validation-api\1.1.0.Final\validation-api-1.1.0.Final.jar;E:\MavenRepository\org\jboss\logging\jboss-logging\3.3.2.Final\jboss-logging-3.3.2.Final.jar;E:\MavenRepository\com\fasterxml\classmate\1.3.4\classmate-1.3.4.jar;E:\MavenRepository\com\fasterxml\jackson\core\jackson-databind\2.8.11.1\jackson-databind-2.8.11.1.jar;E:\MavenRepository\com\fasterxml\jackson\core\jackson-annotations\2.8.0\jackson-annotations-2.8.0.jar;E:\MavenRepository\com\fasterxml\jackson\core\jackson-core\2.8.11\jackson-core-2.8.11.jar;E:\MavenRepository\org\springframework\spring-web\4.3.17.RELEASE\spring-web-4.3.17.RELEASE.jar;E:\MavenRepository\org\springframework\spring-aop\4.3.17.RELEASE\spring-aop-4.3.17.RELEASE.jar;E:\MavenRepository\org\springframework\spring-beans\4.3.17.RELEASE\spring-beans-4.3.17.RELEASE.jar;E:\MavenRepository\org\springframework\spring-context\4.3.17.RELEASE\spring-context-4.3.17.RELEASE.jar;E:\MavenRepository\org\springframework\spring-webmvc\4.3.17.RELEASE\spring-webmvc-4.3.17.RELEASE.jar;E:\MavenRepository\org\springframework\spring-expression\4.3.17.RELEASE\spring-expression-4.3.17.RELEASE.jar;E:\MavenRepository\org\springframework\boot\spring-boot-starter-test\1.5.13.RELEASE\spring-boot-starter-test-1.5.13.RELEASE.jar;E:\MavenRepository\org\springframework\boot\spring-boot-test\1.5.13.RELEASE\spring-boot-test-1.5.13.RELEASE.jar;E:\MavenRepository\org\springframework\boot\spring-boot-test-autoconfigure\1.5.13.RELEASE\spring-boot-test-autoconfigure-1.5.13.RELEASE.jar;E:\MavenRepository\com\jayway\jsonpath\json-path\2.2.0\json-path-2.2.0.jar;E:\MavenRepository\net\minidev\json-smart\2.2.1\json-smart-2.2.1.jar;E:\MavenRepository\net\minidev\accessors-smart\1.1\accessors-smart-1.1.jar;E:\MavenRepository\org\ow2\asm\asm\5.0.3\asm-5.0.3.jar;E:\MavenRepository\org\assertj\assertj-core\2.6.0\assertj-core-2.6.0.jar;E:\MavenRepository\org\mockito\mockito-core\1.10.19\mockito-core-1.10.19.jar;E:\MavenRepository\org\objenesis\objenesis\2.1\objenesis-2.1.jar;E:\MavenRepository\org\hamcrest\hamcrest-core\1.3\hamcrest-core-1.3.jar;E:\MavenRepository\org\hamcrest\hamcrest-library\1.3\hamcrest-library-1.3.jar;E:\MavenRepository\org\skyscreamer\jsonassert\1.4.0\jsonassert-1.4.0.jar;E:\MavenRepository\com\vaadin\external\google\android-json\0.0.20131108.vaadin1\android-json-0.0.20131108.vaadin1.jar;E:\MavenRepository\org\springframework\spring-core\4.3.17.RELEASE\spring-core-4.3.17.RELEASE.jar;E:\MavenRepository\org\springframework\spring-test\4.3.17.RELEASE\spring-test-4.3.17.RELEASE.jar;E:\MavenRepository\junit\junit\4.12\junit-4.12.jar;E:\MavenRepository\org\json\json\20180130\json-20180130.jar;E:\MavenRepository\org\apache\commons\commons-lang3\3.4\commons-lang3-3.4.jar;E:\MavenRepository\commons-collections\commons-collections\3.2.1\commons-collections-3.2.1.jar;E:\MavenRepository\org\slf4j\slf4j-api\1.7.20\slf4j-api-1.7.20.jar;E:\MavenRepository\ch\qos\logback\logback-classic\1.2.3\logback-classic-1.2.3.jar;E:\MavenRepository\ch\qos\logback\logback-core\1.2.3\logback-core-1.2.3.jar;E:\MavenRepository\com\squareup\okhttp3\okhttp\3.5.0\okhttp-3.5.0.jar;E:\MavenRepository\com\squareup\okio\okio\1.11.0\okio-1.11.0.jar;, user.name=Administrator, java.vm.specification.version=1.8, sun.java.command=E:\STS-WorkSpace-Wong\plzt-onenet\target\surefire\surefirebooter3636144969322488644.jar E:\STS-WorkSpace-Wong\plzt-onenet\target\surefire\surefire155348687821644500tmp E:\STS-WorkSpace-Wong\plzt-onenet\target\surefire\surefire_05698774913256620807tmp, java.home=F:\java\jdk8\jre, sun.arch.data.model=64, user.language=zh, java.specification.vendor=Oracle Corporation, awt.toolkit=sun.awt.windows.WToolkit, java.vm.info=mixed mode, java.version=1.8.0_121, java.ext.dirs=F:\java\jdk8\jre\lib\ext;C:\Windows\Sun\Java\lib\ext, sun.boot.class.path=F:\java\jdk8\jre\lib\resources.jar;F:\java\jdk8\jre\lib\rt.jar;F:\java\jdk8\jre\lib\sunrsasign.jar;F:\java\jdk8\jre\lib\jsse.jar;F:\java\jdk8\jre\lib\jce.jar;F:\java\jdk8\jre\lib\charsets.jar;F:\java\jdk8\jre\lib\jfr.jar;F:\java\jdk8\jre\classes, java.vendor=Oracle Corporation, localRepository=E:\MavenRepository, file.separator=\, java.vendor.url.bug=http://bugreport.sun.com/bugreport/, sun.io.unicode.encoding=UnicodeLittle, sun.cpu.endian=little, sun.desktop=windows, sun.cpu.isalist=amd64}}, SystemEnvironmentPropertySource@912011468 {name='systemEnvironment', properties={PATH=C:/Program Files/Java/jre1.8.0_161/bin/server;C:/Program Files/Java/jre1.8.0_161/bin;C:/Program Files/Java/jre1.8.0_161/lib/amd64;C:\ProgramData\Oracle\Java\javapath;F:\java\jdk8\bin;F:\java\jdk8\jre\bin;F:\TortoiseSVN\bin;c:\windows\system32;F:\apache-tomcat-8.5.14\bin;F:\apache-tomcat-8.5.14\lib;F:\apache-maven-3.3.9\bin;E:\sts-3.9.0.RELEASE;, PROCESSOR_LEVEL=6, SYSTEMDRIVE=C:, FP_NO_HOST_CHECK=NO, SESSIONNAME=Console, ALLUSERSPROFILE=C:\ProgramData, PROCESSOR_ARCHITECTURE=AMD64, =E:=E:\STS-WorkSpace-Wong\plzt-onenet, PROGRAMFILES=C:\Program Files, MOZ_PLUGIN_PATH=F:\FoxitReader\plugins\, PSMODULEPATH=C:\Windows\system32\WindowsPowerShell\v1.0\Modules\, PROGRAMDATA=C:\ProgramData, USERNAME=Administrator, TOMCAT_HOME=F:\tomcat\apache-tomcat-7.0.70, PATHEXT=.COM;.EXE;.BAT;.CMD;.VBS;.VBE;.JS;.JSE;.WSF;.WSH;.MSC, DEVMGR_SHOW_DETAILS=1, WINDIR=C:\Windows, HOMEPATH=\Users\Administrator, PROCESSOR_IDENTIFIER=Intel64 Family 6 Model 42 Stepping 7, GenuineIntel, WINDOWS_TRACING_LOGFILE=C:\BVTBin\Tests\installpackage\csilogfile.log, M2_HOME=F:\apache-maven-3.3.9, PUBLIC=C:\Users\Public, AMDAPPSDKROOT=C:\Program Files (x86)\AMD APP\, =::=::\, LOCALAPPDATA=C:\Users\Administrator\AppData\Local, COMMONPROGRAMFILES(X86)=C:\Program Files (x86)\Common Files, USERDOMAIN=PC-201305031918, LOGONSERVER=\\PC-201305031918, JAVA_HOME=F:\java\jdk8, PROMPT=$P$G, PROGRAMFILES(X86)=C:\Program Files (x86), CATALINA_BASE=F:\apache-tomcat-8.5.14, WINDOWS_TRACING_FLAGS=3, APPDATA=C:\Users\Administrator\AppData\Roaming, PROGRAMW6432=C:\Program Files, SYSTEMROOT=C:\Windows, VBOX_MSI_INSTALL_PATH=F:\VirtualBox\, OS=Windows_NT, COMMONPROGRAMW6432=C:\Program Files\Common Files, COMPUTERNAME=PC-201305031918, COMMONPROGRAMFILES=C:\Program Files\Common Files, COMSPEC=C:\Windows\system32\cmd.exe, CATALINA_HOME=F:\apache-tomcat-8.5.14, PROCESSOR_REVISION=2a07, CLASSPATH=.;F:\java\jdk8\lib\dt.jar;F:\java\jdk8\lib\tools.jar;, TEMP=C:\Users\ADMINI~1\AppData\Local\Temp, HOMEDRIVE=C:, USERPROFILE=C:\Users\Administrator, TMP=C:\Users\ADMINI~1\AppData\Local\Temp, VS110COMNTOOLS=E:\VS\ZCX\Common7\Tools\, NUMBER_OF_PROCESSORS=4, PHP_FCGI_MAX_REQUESTS=0}}]
13:42:31.286 [main] INFO org.springframework.boot.test.context.SpringBootTestContextBootstrapper - Found @SpringBootConfiguration com.plzt.onenet.main.Starter for test class com.plzt.onenet.main.MainTest
13:42:31.286 [main] DEBUG org.springframework.boot.test.context.SpringBootTestContextBootstrapper - @TestExecutionListeners is not present for class [com.plzt.onenet.main.MainTest]: using defaults.
13:42:31.302 [main] INFO org.springframework.boot.test.context.SpringBootTestContextBootstrapper - Loaded default TestExecutionListener class names from location [META-INF/spring.factories]: [org.springframework.boot.test.mock.mockito.MockitoTestExecutionListener, org.springframework.boot.test.mock.mockito.ResetMocksTestExecutionListener, org.springframework.boot.test.autoconfigure.restdocs.RestDocsTestExecutionListener, org.springframework.boot.test.autoconfigure.web.client.MockRestServiceServerResetTestExecutionListener, org.springframework.boot.test.autoconfigure.web.servlet.MockMvcPrintOnlyOnFailureTestExecutionListener, org.springframework.boot.test.autoconfigure.web.servlet.WebDriverTestExecutionListener, org.springframework.test.context.web.ServletTestExecutionListener, org.springframework.test.context.support.DirtiesContextBeforeModesTestExecutionListener, org.springframework.test.context.support.DependencyInjectionTestExecutionListener, org.springframework.test.context.support.DirtiesContextTestExecutionListener, org.springframework.test.context.transaction.TransactionalTestExecutionListener, org.springframework.test.context.jdbc.SqlScriptsTestExecutionListener]
13:42:31.302 [main] DEBUG org.springframework.boot.test.context.SpringBootTestContextBootstrapper - Could not instantiate TestExecutionListener [org.springframework.test.context.transaction.TransactionalTestExecutionListener]. Specify custom listener classes or make the default listener classes (and their required dependencies) available. Offending class: [org/springframework/transaction/interceptor/TransactionAttributeSource]
13:42:31.302 [main] DEBUG org.springframework.boot.test.context.SpringBootTestContextBootstrapper - Could not instantiate TestExecutionListener [org.springframework.test.context.jdbc.SqlScriptsTestExecutionListener]. Specify custom listener classes or make the default listener classes (and their required dependencies) available. Offending class: [org/springframework/transaction/interceptor/TransactionAttribute]
13:42:31.302 [main] INFO org.springframework.boot.test.context.SpringBootTestContextBootstrapper - Using TestExecutionListeners: [org.springframework.test.context.web.ServletTestExecutionListener@1c72da34, org.springframework.test.context.support.DirtiesContextBeforeModesTestExecutionListener@6b0c2d26, org.springframework.boot.test.mock.mockito.MockitoTestExecutionListener@3d3fcdb0, org.springframework.boot.test.autoconfigure.SpringBootDependencyInjectionTestExecutionListener@641147d0, org.springframework.test.context.support.DirtiesContextTestExecutionListener@6e38921c, org.springframework.boot.test.mock.mockito.ResetMocksTestExecutionListener@64d7f7e0, org.springframework.boot.test.autoconfigure.restdocs.RestDocsTestExecutionListener@27c6e487, org.springframework.boot.test.autoconfigure.web.client.MockRestServiceServerResetTestExecutionListener@49070868, org.springframework.boot.test.autoconfigure.web.servlet.MockMvcPrintOnlyOnFailureTestExecutionListener@6385cb26, org.springframework.boot.test.autoconfigure.web.servlet.WebDriverTestExecutionListener@38364841]
13:42:31.302 [main] DEBUG org.springframework.test.annotation.ProfileValueUtils - Retrieved @ProfileValueSourceConfiguration [null] for test class [com.plzt.onenet.main.MainTest]
13:42:31.302 [main] DEBUG org.springframework.test.annotation.ProfileValueUtils - Retrieved ProfileValueSource type [class org.springframework.test.annotation.SystemProfileValueSource] for class [com.plzt.onenet.main.MainTest]
13:42:31.302 [main] DEBUG org.springframework.test.annotation.ProfileValueUtils - Retrieved @ProfileValueSourceConfiguration [null] for test class [com.plzt.onenet.main.MainTest]
13:42:31.302 [main] DEBUG org.springframework.test.annotation.ProfileValueUtils - Retrieved ProfileValueSource type [class org.springframework.test.annotation.SystemProfileValueSource] for class [com.plzt.onenet.main.MainTest]
13:42:31.318 [main] DEBUG org.springframework.test.context.support.AbstractDirtiesContextTestExecutionListener - Before test class: context [DefaultTestContext@58fdd99 testClass = MainTest, testInstance = [null], testMethod = [null], testException = [null], mergedContextConfiguration = [WebMergedContextConfiguration@6b1274d2 testClass = MainTest, locations = '{}', classes = '{class com.plzt.onenet.main.Starter}', contextInitializerClasses = '[]', activeProfiles = '{}', propertySourceLocations = '{}', propertySourceProperties = '{org.springframework.boot.test.context.SpringBootTestContextBootstrapper=true}', contextCustomizers = set[org.springframework.boot.test.context.SpringBootTestContextCustomizer@6b09bb57, org.springframework.boot.test.context.filter.ExcludeFilterContextCustomizer@18eed359, org.springframework.boot.test.json.DuplicateJsonObjectContextCustomizerFactory$DuplicateJsonObjectContextCustomizer@6f1fba17, org.springframework.boot.test.mock.mockito.MockitoContextCustomizer@0, org.springframework.boot.test.autoconfigure.properties.PropertyMappingContextCustomizer@0, org.springframework.boot.test.autoconfigure.web.servlet.WebDriverContextCustomizerFactory$Customizer@35d176f7], resourceBasePath = 'src/main/webapp', contextLoader = 'org.springframework.boot.test.context.SpringBootContextLoader', parent = [null]]], class annotated with @DirtiesContext [false] with mode [null].
13:42:31.318 [main] DEBUG org.springframework.test.annotation.ProfileValueUtils - Retrieved @ProfileValueSourceConfiguration [null] for test class [com.plzt.onenet.main.MainTest]
13:42:31.318 [main] DEBUG org.springframework.test.annotation.ProfileValueUtils - Retrieved ProfileValueSource type [class org.springframework.test.annotation.SystemProfileValueSource] for class [com.plzt.onenet.main.MainTest]
13:42:31.505 [main] DEBUG org.springframework.core.env.StandardEnvironment - Adding PropertySource 'systemProperties' with lowest search precedence
13:42:31.505 [main] DEBUG org.springframework.core.env.StandardEnvironment - Adding PropertySource 'systemEnvironment' with lowest search precedence
13:42:31.505 [main] DEBUG org.springframework.core.env.StandardEnvironment - Initialized StandardEnvironment with PropertySources [MapPropertySource@1100767002 {name='systemProperties', properties={java.runtime.name=Java(TM) SE Runtime Environment, sun.boot.library.path=F:\java\jdk8\jre\bin, java.vm.version=25.121-b13, java.vm.vendor=Oracle Corporation, java.vendor.url=http://java.oracle.com/, path.separator=;, java.vm.name=Java HotSpot(TM) 64-Bit Server VM, file.encoding.pkg=sun.io, user.country=CN, user.script=, sun.java.launcher=SUN_STANDARD, sun.os.patch.level=Service Pack 1, java.vm.specification.name=Java Virtual Machine Specification, user.dir=E:\STS-WorkSpace-Wong\plzt-onenet, java.runtime.version=1.8.0_121-b13, basedir=E:\STS-WorkSpace-Wong\plzt-onenet, java.awt.graphicsenv=sun.awt.Win32GraphicsEnvironment, java.endorsed.dirs=F:\java\jdk8\jre\lib\endorsed, os.arch=amd64, surefire.real.class.path=E:\STS-WorkSpace-Wong\plzt-onenet\target\surefire\surefirebooter3636144969322488644.jar, java.io.tmpdir=C:\Users\ADMINI~1\AppData\Local\Temp\, line.separator=
, java.vm.specification.vendor=Oracle Corporation, user.variant=, os.name=Windows 7, sun.jnu.encoding=GBK, java.library.path=F:\java\jdk8\jre\bin;C:\Windows\Sun\Java\bin;C:\Windows\system32;C:\Windows;C:/Program Files/Java/jre1.8.0_161/bin/server;C:/Program Files/Java/jre1.8.0_161/bin;C:/Program Files/Java/jre1.8.0_161/lib/amd64;C:\ProgramData\Oracle\Java\javapath;F:\java\jdk8\bin;F:\java\jdk8\jre\bin;F:\TortoiseSVN\bin;c:\windows\system32;F:\apache-tomcat-8.5.14\bin;F:\apache-tomcat-8.5.14\lib;F:\apache-maven-3.3.9\bin;E:\sts-3.9.0.RELEASE;;., surefire.test.class.path=E:\STS-WorkSpace-Wong\plzt-onenet\target\test-classes;E:\STS-WorkSpace-Wong\plzt-onenet\target\classes;E:\MavenRepository\org\springframework\boot\spring-boot-starter-web\1.5.13.RELEASE\spring-boot-starter-web-1.5.13.RELEASE.jar;E:\MavenRepository\org\springframework\boot\spring-boot-starter\1.5.13.RELEASE\spring-boot-starter-1.5.13.RELEASE.jar;E:\MavenRepository\org\springframework\boot\spring-boot\1.5.13.RELEASE\spring-boot-1.5.13.RELEASE.jar;E:\MavenRepository\org\springframework\boot\spring-boot-autoconfigure\1.5.13.RELEASE\spring-boot-autoconfigure-1.5.13.RELEASE.jar;E:\MavenRepository\org\springframework\boot\spring-boot-starter-logging\1.5.13.RELEASE\spring-boot-starter-logging-1.5.13.RELEASE.jar;E:\MavenRepository\org\slf4j\jcl-over-slf4j\1.7.20\jcl-over-slf4j-1.7.20.jar;E:\MavenRepository\org\slf4j\jul-to-slf4j\1.7.20\jul-to-slf4j-1.7.20.jar;E:\MavenRepository\org\slf4j\log4j-over-slf4j\1.7.20\log4j-over-slf4j-1.7.20.jar;E:\MavenRepository\org\yaml\snakeyaml\1.17\snakeyaml-1.17.jar;E:\MavenRepository\org\springframework\boot\spring-boot-starter-tomcat\1.5.13.RELEASE\spring-boot-starter-tomcat-1.5.13.RELEASE.jar;E:\MavenRepository\org\apache\tomcat\embed\tomcat-embed-core\8.5.31\tomcat-embed-core-8.5.31.jar;E:\MavenRepository\org\apache\tomcat\tomcat-annotations-api\8.5.31\tomcat-annotations-api-8.5.31.jar;E:\MavenRepository\org\apache\tomcat\embed\tomcat-embed-el\8.5.31\tomcat-embed-el-8.5.31.jar;E:\MavenRepository\org\apache\tomcat\embed\tomcat-embed-websocket\8.5.31\tomcat-embed-websocket-8.5.31.jar;E:\MavenRepository\org\hibernate\hibernate-validator\5.3.6.Final\hibernate-validator-5.3.6.Final.jar;E:\MavenRepository\javax\validation\validation-api\1.1.0.Final\validation-api-1.1.0.Final.jar;E:\MavenRepository\org\jboss\logging\jboss-logging\3.3.2.Final\jboss-logging-3.3.2.Final.jar;E:\MavenRepository\com\fasterxml\classmate\1.3.4\classmate-1.3.4.jar;E:\MavenRepository\com\fasterxml\jackson\core\jackson-databind\2.8.11.1\jackson-databind-2.8.11.1.jar;E:\MavenRepository\com\fasterxml\jackson\core\jackson-annotations\2.8.0\jackson-annotations-2.8.0.jar;E:\MavenRepository\com\fasterxml\jackson\core\jackson-core\2.8.11\jackson-core-2.8.11.jar;E:\MavenRepository\org\springframework\spring-web\4.3.17.RELEASE\spring-web-4.3.17.RELEASE.jar;E:\MavenRepository\org\springframework\spring-aop\4.3.17.RELEASE\spring-aop-4.3.17.RELEASE.jar;E:\MavenRepository\org\springframework\spring-beans\4.3.17.RELEASE\spring-beans-4.3.17.RELEASE.jar;E:\MavenRepository\org\springframework\spring-context\4.3.17.RELEASE\spring-context-4.3.17.RELEASE.jar;E:\MavenRepository\org\springframework\spring-webmvc\4.3.17.RELEASE\spring-webmvc-4.3.17.RELEASE.jar;E:\MavenRepository\org\springframework\spring-expression\4.3.17.RELEASE\spring-expression-4.3.17.RELEASE.jar;E:\MavenRepository\org\springframework\boot\spring-boot-starter-test\1.5.13.RELEASE\spring-boot-starter-test-1.5.13.RELEASE.jar;E:\MavenRepository\org\springframework\boot\spring-boot-test\1.5.13.RELEASE\spring-boot-test-1.5.13.RELEASE.jar;E:\MavenRepository\org\springframework\boot\spring-boot-test-autoconfigure\1.5.13.RELEASE\spring-boot-test-autoconfigure-1.5.13.RELEASE.jar;E:\MavenRepository\com\jayway\jsonpath\json-path\2.2.0\json-path-2.2.0.jar;E:\MavenRepository\net\minidev\json-smart\2.2.1\json-smart-2.2.1.jar;E:\MavenRepository\net\minidev\accessors-smart\1.1\accessors-smart-1.1.jar;E:\MavenRepository\org\ow2\asm\asm\5.0.3\asm-5.0.3.jar;E:\MavenRepository\org\assertj\assertj-core\2.6.0\assertj-core-2.6.0.jar;E:\MavenRepository\org\mockito\mockito-core\1.10.19\mockito-core-1.10.19.jar;E:\MavenRepository\org\objenesis\objenesis\2.1\objenesis-2.1.jar;E:\MavenRepository\org\hamcrest\hamcrest-core\1.3\hamcrest-core-1.3.jar;E:\MavenRepository\org\hamcrest\hamcrest-library\1.3\hamcrest-library-1.3.jar;E:\MavenRepository\org\skyscreamer\jsonassert\1.4.0\jsonassert-1.4.0.jar;E:\MavenRepository\com\vaadin\external\google\android-json\0.0.20131108.vaadin1\android-json-0.0.20131108.vaadin1.jar;E:\MavenRepository\org\springframework\spring-core\4.3.17.RELEASE\spring-core-4.3.17.RELEASE.jar;E:\MavenRepository\org\springframework\spring-test\4.3.17.RELEASE\spring-test-4.3.17.RELEASE.jar;E:\MavenRepository\junit\junit\4.12\junit-4.12.jar;E:\MavenRepository\org\json\json\20180130\json-20180130.jar;E:\MavenRepository\org\apache\commons\commons-lang3\3.4\commons-lang3-3.4.jar;E:\MavenRepository\commons-collections\commons-collections\3.2.1\commons-collections-3.2.1.jar;E:\MavenRepository\org\slf4j\slf4j-api\1.7.20\slf4j-api-1.7.20.jar;E:\MavenRepository\ch\qos\logback\logback-classic\1.2.3\logback-classic-1.2.3.jar;E:\MavenRepository\ch\qos\logback\logback-core\1.2.3\logback-core-1.2.3.jar;E:\MavenRepository\com\squareup\okhttp3\okhttp\3.5.0\okhttp-3.5.0.jar;E:\MavenRepository\com\squareup\okio\okio\1.11.0\okio-1.11.0.jar;, java.specification.name=Java Platform API Specification, java.class.version=52.0, sun.management.compiler=HotSpot 64-Bit Tiered Compilers, os.version=6.1, user.home=C:\Users\Administrator, user.timezone=Asia/Shanghai, java.awt.printerjob=sun.awt.windows.WPrinterJob, file.encoding=GBK, java.specification.version=1.8, java.class.path=E:\STS-WorkSpace-Wong\plzt-onenet\target\test-classes;E:\STS-WorkSpace-Wong\plzt-onenet\target\classes;E:\MavenRepository\org\springframework\boot\spring-boot-starter-web\1.5.13.RELEASE\spring-boot-starter-web-1.5.13.RELEASE.jar;E:\MavenRepository\org\springframework\boot\spring-boot-starter\1.5.13.RELEASE\spring-boot-starter-1.5.13.RELEASE.jar;E:\MavenRepository\org\springframework\boot\spring-boot\1.5.13.RELEASE\spring-boot-1.5.13.RELEASE.jar;E:\MavenRepository\org\springframework\boot\spring-boot-autoconfigure\1.5.13.RELEASE\spring-boot-autoconfigure-1.5.13.RELEASE.jar;E:\MavenRepository\org\springframework\boot\spring-boot-starter-logging\1.5.13.RELEASE\spring-boot-starter-logging-1.5.13.RELEASE.jar;E:\MavenRepository\org\slf4j\jcl-over-slf4j\1.7.20\jcl-over-slf4j-1.7.20.jar;E:\MavenRepository\org\slf4j\jul-to-slf4j\1.7.20\jul-to-slf4j-1.7.20.jar;E:\MavenRepository\org\slf4j\log4j-over-slf4j\1.7.20\log4j-over-slf4j-1.7.20.jar;E:\MavenRepository\org\yaml\snakeyaml\1.17\snakeyaml-1.17.jar;E:\MavenRepository\org\springframework\boot\spring-boot-starter-tomcat\1.5.13.RELEASE\spring-boot-starter-tomcat-1.5.13.RELEASE.jar;E:\MavenRepository\org\apache\tomcat\embed\tomcat-embed-core\8.5.31\tomcat-embed-core-8.5.31.jar;E:\MavenRepository\org\apache\tomcat\tomcat-annotations-api\8.5.31\tomcat-annotations-api-8.5.31.jar;E:\MavenRepository\org\apache\tomcat\embed\tomcat-embed-el\8.5.31\tomcat-embed-el-8.5.31.jar;E:\MavenRepository\org\apache\tomcat\embed\tomcat-embed-websocket\8.5.31\tomcat-embed-websocket-8.5.31.jar;E:\MavenRepository\org\hibernate\hibernate-validator\5.3.6.Final\hibernate-validator-5.3.6.Final.jar;E:\MavenRepository\javax\validation\validation-api\1.1.0.Final\validation-api-1.1.0.Final.jar;E:\MavenRepository\org\jboss\logging\jboss-logging\3.3.2.Final\jboss-logging-3.3.2.Final.jar;E:\MavenRepository\com\fasterxml\classmate\1.3.4\classmate-1.3.4.jar;E:\MavenRepository\com\fasterxml\jackson\core\jackson-databind\2.8.11.1\jackson-databind-2.8.11.1.jar;E:\MavenRepository\com\fasterxml\jackson\core\jackson-annotations\2.8.0\jackson-annotations-2.8.0.jar;E:\MavenRepository\com\fasterxml\jackson\core\jackson-core\2.8.11\jackson-core-2.8.11.jar;E:\MavenRepository\org\springframework\spring-web\4.3.17.RELEASE\spring-web-4.3.17.RELEASE.jar;E:\MavenRepository\org\springframework\spring-aop\4.3.17.RELEASE\spring-aop-4.3.17.RELEASE.jar;E:\MavenRepository\org\springframework\spring-beans\4.3.17.RELEASE\spring-beans-4.3.17.RELEASE.jar;E:\MavenRepository\org\springframework\spring-context\4.3.17.RELEASE\spring-context-4.3.17.RELEASE.jar;E:\MavenRepository\org\springframework\spring-webmvc\4.3.17.RELEASE\spring-webmvc-4.3.17.RELEASE.jar;E:\MavenRepository\org\springframework\spring-expression\4.3.17.RELEASE\spring-expression-4.3.17.RELEASE.jar;E:\MavenRepository\org\springframework\boot\spring-boot-starter-test\1.5.13.RELEASE\spring-boot-starter-test-1.5.13.RELEASE.jar;E:\MavenRepository\org\springframework\boot\spring-boot-test\1.5.13.RELEASE\spring-boot-test-1.5.13.RELEASE.jar;E:\MavenRepository\org\springframework\boot\spring-boot-test-autoconfigure\1.5.13.RELEASE\spring-boot-test-autoconfigure-1.5.13.RELEASE.jar;E:\MavenRepository\com\jayway\jsonpath\json-path\2.2.0\json-path-2.2.0.jar;E:\MavenRepository\net\minidev\json-smart\2.2.1\json-smart-2.2.1.jar;E:\MavenRepository\net\minidev\accessors-smart\1.1\accessors-smart-1.1.jar;E:\MavenRepository\org\ow2\asm\asm\5.0.3\asm-5.0.3.jar;E:\MavenRepository\org\assertj\assertj-core\2.6.0\assertj-core-2.6.0.jar;E:\MavenRepository\org\mockito\mockito-core\1.10.19\mockito-core-1.10.19.jar;E:\MavenRepository\org\objenesis\objenesis\2.1\objenesis-2.1.jar;E:\MavenRepository\org\hamcrest\hamcrest-core\1.3\hamcrest-core-1.3.jar;E:\MavenRepository\org\hamcrest\hamcrest-library\1.3\hamcrest-library-1.3.jar;E:\MavenRepository\org\skyscreamer\jsonassert\1.4.0\jsonassert-1.4.0.jar;E:\MavenRepository\com\vaadin\external\google\android-json\0.0.20131108.vaadin1\android-json-0.0.20131108.vaadin1.jar;E:\MavenRepository\org\springframework\spring-core\4.3.17.RELEASE\spring-core-4.3.17.RELEASE.jar;E:\MavenRepository\org\springframework\spring-test\4.3.17.RELEASE\spring-test-4.3.17.RELEASE.jar;E:\MavenRepository\junit\junit\4.12\junit-4.12.jar;E:\MavenRepository\org\json\json\20180130\json-20180130.jar;E:\MavenRepository\org\apache\commons\commons-lang3\3.4\commons-lang3-3.4.jar;E:\MavenRepository\commons-collections\commons-collections\3.2.1\commons-collections-3.2.1.jar;E:\MavenRepository\org\slf4j\slf4j-api\1.7.20\slf4j-api-1.7.20.jar;E:\MavenRepository\ch\qos\logback\logback-classic\1.2.3\logback-classic-1.2.3.jar;E:\MavenRepository\ch\qos\logback\logback-core\1.2.3\logback-core-1.2.3.jar;E:\MavenRepository\com\squareup\okhttp3\okhttp\3.5.0\okhttp-3.5.0.jar;E:\MavenRepository\com\squareup\okio\okio\1.11.0\okio-1.11.0.jar;, user.name=Administrator, java.vm.specification.version=1.8, sun.java.command=E:\STS-WorkSpace-Wong\plzt-onenet\target\surefire\surefirebooter3636144969322488644.jar E:\STS-WorkSpace-Wong\plzt-onenet\target\surefire\surefire155348687821644500tmp E:\STS-WorkSpace-Wong\plzt-onenet\target\surefire\surefire_05698774913256620807tmp, java.home=F:\java\jdk8\jre, sun.arch.data.model=64, user.language=zh, java.specification.vendor=Oracle Corporation, awt.toolkit=sun.awt.windows.WToolkit, java.vm.info=mixed mode, java.version=1.8.0_121, java.ext.dirs=F:\java\jdk8\jre\lib\ext;C:\Windows\Sun\Java\lib\ext, sun.boot.class.path=F:\java\jdk8\jre\lib\resources.jar;F:\java\jdk8\jre\lib\rt.jar;F:\java\jdk8\jre\lib\sunrsasign.jar;F:\java\jdk8\jre\lib\jsse.jar;F:\java\jdk8\jre\lib\jce.jar;F:\java\jdk8\jre\lib\charsets.jar;F:\java\jdk8\jre\lib\jfr.jar;F:\java\jdk8\jre\classes, java.vendor=Oracle Corporation, localRepository=E:\MavenRepository, file.separator=\, java.vendor.url.bug=http://bugreport.sun.com/bugreport/, sun.io.unicode.encoding=UnicodeLittle, sun.cpu.endian=little, sun.desktop=windows, sun.cpu.isalist=amd64}}, SystemEnvironmentPropertySource@313540687 {name='systemEnvironment', properties={PATH=C:/Program Files/Java/jre1.8.0_161/bin/server;C:/Program Files/Java/jre1.8.0_161/bin;C:/Program Files/Java/jre1.8.0_161/lib/amd64;C:\ProgramData\Oracle\Java\javapath;F:\java\jdk8\bin;F:\java\jdk8\jre\bin;F:\TortoiseSVN\bin;c:\windows\system32;F:\apache-tomcat-8.5.14\bin;F:\apache-tomcat-8.5.14\lib;F:\apache-maven-3.3.9\bin;E:\sts-3.9.0.RELEASE;, PROCESSOR_LEVEL=6, SYSTEMDRIVE=C:, FP_NO_HOST_CHECK=NO, SESSIONNAME=Console, ALLUSERSPROFILE=C:\ProgramData, PROCESSOR_ARCHITECTURE=AMD64, =E:=E:\STS-WorkSpace-Wong\plzt-onenet, PROGRAMFILES=C:\Program Files, MOZ_PLUGIN_PATH=F:\FoxitReader\plugins\, PSMODULEPATH=C:\Windows\system32\WindowsPowerShell\v1.0\Modules\, PROGRAMDATA=C:\ProgramData, USERNAME=Administrator, TOMCAT_HOME=F:\tomcat\apache-tomcat-7.0.70, PATHEXT=.COM;.EXE;.BAT;.CMD;.VBS;.VBE;.JS;.JSE;.WSF;.WSH;.MSC, DEVMGR_SHOW_DETAILS=1, WINDIR=C:\Windows, HOMEPATH=\Users\Administrator, PROCESSOR_IDENTIFIER=Intel64 Family 6 Model 42 Stepping 7, GenuineIntel, WINDOWS_TRACING_LOGFILE=C:\BVTBin\Tests\installpackage\csilogfile.log, M2_HOME=F:\apache-maven-3.3.9, PUBLIC=C:\Users\Public, AMDAPPSDKROOT=C:\Program Files (x86)\AMD APP\, =::=::\, LOCALAPPDATA=C:\Users\Administrator\AppData\Local, COMMONPROGRAMFILES(X86)=C:\Program Files (x86)\Common Files, USERDOMAIN=PC-201305031918, LOGONSERVER=\\PC-201305031918, JAVA_HOME=F:\java\jdk8, PROMPT=$P$G, PROGRAMFILES(X86)=C:\Program Files (x86), CATALINA_BASE=F:\apache-tomcat-8.5.14, WINDOWS_TRACING_FLAGS=3, APPDATA=C:\Users\Administrator\AppData\Roaming, PROGRAMW6432=C:\Program Files, SYSTEMROOT=C:\Windows, VBOX_MSI_INSTALL_PATH=F:\VirtualBox\, OS=Windows_NT, COMMONPROGRAMW6432=C:\Program Files\Common Files, COMPUTERNAME=PC-201305031918, COMMONPROGRAMFILES=C:\Program Files\Common Files, COMSPEC=C:\Windows\system32\cmd.exe, CATALINA_HOME=F:\apache-tomcat-8.5.14, PROCESSOR_REVISION=2a07, CLASSPATH=.;F:\java\jdk8\lib\dt.jar;F:\java\jdk8\lib\tools.jar;, TEMP=C:\Users\ADMINI~1\AppData\Local\Temp, HOMEDRIVE=C:, USERPROFILE=C:\Users\Administrator, TMP=C:\Users\ADMINI~1\AppData\Local\Temp, VS110COMNTOOLS=E:\VS\ZCX\Common7\Tools\, NUMBER_OF_PROCESSORS=4, PHP_FCGI_MAX_REQUESTS=0}}]
13:42:31.505 [main] DEBUG org.springframework.core.env.MutablePropertySources - Adding PropertySource 'inline' with highest search precedence
13:42:31.520 [main] DEBUG org.springframework.test.context.support.TestPropertySourceUtils - Adding inlined properties to environment: {spring.jmx.enabled=false, org.springframework.boot.test.context.SpringBootTestContextBootstrapper=true, server.port=-1}
13:42:31.520 [main] DEBUG org.springframework.core.env.StandardEnvironment - Adding PropertySource 'Inlined Test Properties' with highest search precedence

  .   ____          _            __ _ _
 /\\ / ___'_ __ _ _(_)_ __  __ _ \ \ \ \
( ( )\___ | '_ | '_| | '_ \/ _` | \ \ \ \
 \\/  ___)| |_)| | | | | || (_| |  ) ) ) )
  '  |____| .__|_| |_|_| |_\__, | / / / /
 =========|_|==============|___/=/_/_/_/
 :: Spring Boot ::       (v1.5.13.RELEASE)

2018-05-31 13:42:32.357  WARN 3316 --- [           main] ory$DuplicateJsonObjectContextCustomizer : 

Found multiple occurrences of org.json.JSONObject on the class path:

	jar:file:/E:/MavenRepository/com/vaadin/external/google/android-json/0.0.20131108.vaadin1/android-json-0.0.20131108.vaadin1.jar!/org/json/JSONObject.class
	jar:file:/E:/MavenRepository/org/json/json/20180130/json-20180130.jar!/org/json/JSONObject.class

You may wish to exclude one of them to ensure predictable runtime behavior

2018-05-31 13:42:32.419  INFO 3316 --- [           main] com.plzt.onenet.main.MainTest            : Starting MainTest on PC-201305031918 with PID 3316 (started by Administrator in E:\STS-WorkSpace-Wong\plzt-onenet)
2018-05-31 13:42:32.419  INFO 3316 --- [           main] com.plzt.onenet.main.MainTest            : No active profile set, falling back to default profiles: default
2018-05-31 13:42:32.482  INFO 3316 --- [           main] o.s.w.c.s.GenericWebApplicationContext   : Refreshing org.springframework.web.context.support.GenericWebApplicationContext@27f981c6: startup date [Thu May 31 13:42:32 CST 2018]; root of context hierarchy
2018-05-31 13:42:34.057  WARN 3316 --- [           main] o.s.w.c.s.GenericWebApplicationContext   : Exception encountered during context initialization - cancelling refresh attempt: org.springframework.beans.factory.UnsatisfiedDependencyException: Error creating bean with name 'mainController': Unsatisfied dependency expressed through field 'restTemplate'; nested exception is org.springframework.beans.factory.NoSuchBeanDefinitionException: No qualifying bean of type 'org.springframework.web.client.RestTemplate' available: expected at least 1 bean which qualifies as autowire candidate. Dependency annotations: {@org.springframework.beans.factory.annotation.Autowired(required=true)}
2018-05-31 13:42:34.073  INFO 3316 --- [           main] utoConfigurationReportLoggingInitializer : 

Error starting ApplicationContext. To display the auto-configuration report re-run your application with 'debug' enabled.
2018-05-31 13:42:34.192 ERROR 3316 --- [           main] o.s.b.d.LoggingFailureAnalysisReporter   : 

***************************
APPLICATION FAILED TO START
***************************

Description:

Field restTemplate in com.plzt.onenet.main.controller.MainController required a bean of type 'org.springframework.web.client.RestTemplate' that could not be found.


Action:

Consider defining a bean of type 'org.springframework.web.client.RestTemplate' in your configuration.

2018-05-31 13:42:34.208 ERROR 3316 --- [           main] o.s.test.context.TestContextManager      : Caught exception while allowing TestExecutionListener [org.springframework.test.context.web.ServletTestExecutionListener@1c72da34] to prepare test instance [com.plzt.onenet.main.MainTest@4089713]

java.lang.IllegalStateException: Failed to load ApplicationContext
	at org.springframework.test.context.cache.DefaultCacheAwareContextLoaderDelegate.loadContext(DefaultCacheAwareContextLoaderDelegate.java:124) ~[spring-test-4.3.17.RELEASE.jar:4.3.17.RELEASE]
	at org.springframework.test.context.support.DefaultTestContext.getApplicationContext(DefaultTestContext.java:83) ~[spring-test-4.3.17.RELEASE.jar:4.3.17.RELEASE]
	at org.springframework.test.context.web.ServletTestExecutionListener.setUpRequestContextIfNecessary(ServletTestExecutionListener.java:189) ~[spring-test-4.3.17.RELEASE.jar:4.3.17.RELEASE]
	at org.springframework.test.context.web.ServletTestExecutionListener.prepareTestInstance(ServletTestExecutionListener.java:131) ~[spring-test-4.3.17.RELEASE.jar:4.3.17.RELEASE]
	at org.springframework.test.context.TestContextManager.prepareTestInstance(TestContextManager.java:230) ~[spring-test-4.3.17.RELEASE.jar:4.3.17.RELEASE]
	at org.springframework.test.context.junit4.SpringJUnit4ClassRunner.createTest(SpringJUnit4ClassRunner.java:228) [spring-test-4.3.17.RELEASE.jar:4.3.17.RELEASE]
	at org.springframework.test.context.junit4.SpringJUnit4ClassRunner$1.runReflectiveCall(SpringJUnit4ClassRunner.java:287) [spring-test-4.3.17.RELEASE.jar:4.3.17.RELEASE]
	at org.junit.internal.runners.model.ReflectiveCallable.run(ReflectiveCallable.java:12) [junit-4.12.jar:4.12]
	at org.springframework.test.context.junit4.SpringJUnit4ClassRunner.methodBlock(SpringJUnit4ClassRunner.java:289) [spring-test-4.3.17.RELEASE.jar:4.3.17.RELEASE]
	at org.springframework.test.context.junit4.SpringJUnit4ClassRunner.runChild(SpringJUnit4ClassRunner.java:247) [spring-test-4.3.17.RELEASE.jar:4.3.17.RELEASE]
	at org.springframework.test.context.junit4.SpringJUnit4ClassRunner.runChild(SpringJUnit4ClassRunner.java:94) [spring-test-4.3.17.RELEASE.jar:4.3.17.RELEASE]
	at org.junit.runners.ParentRunner$3.run(ParentRunner.java:290) [junit-4.12.jar:4.12]
	at org.junit.runners.ParentRunner$1.schedule(ParentRunner.java:71) [junit-4.12.jar:4.12]
	at org.junit.runners.ParentRunner.runChildren(ParentRunner.java:288) [junit-4.12.jar:4.12]
	at org.junit.runners.ParentRunner.access$000(ParentRunner.java:58) [junit-4.12.jar:4.12]
	at org.junit.runners.ParentRunner$2.evaluate(ParentRunner.java:268) [junit-4.12.jar:4.12]
	at org.springframework.test.context.junit4.statements.RunBeforeTestClassCallbacks.evaluate(RunBeforeTestClassCallbacks.java:61) [spring-test-4.3.17.RELEASE.jar:4.3.17.RELEASE]
	at org.springframework.test.context.junit4.statements.RunAfterTestClassCallbacks.evaluate(RunAfterTestClassCallbacks.java:70) [spring-test-4.3.17.RELEASE.jar:4.3.17.RELEASE]
	at org.junit.runners.ParentRunner.run(ParentRunner.java:363) [junit-4.12.jar:4.12]
	at org.springframework.test.context.junit4.SpringJUnit4ClassRunner.run(SpringJUnit4ClassRunner.java:191) [spring-test-4.3.17.RELEASE.jar:4.3.17.RELEASE]
	at org.apache.maven.surefire.junit4.JUnit4Provider.execute(JUnit4Provider.java:283) [surefire-junit4-2.18.1.jar:2.18.1]
	at org.apache.maven.surefire.junit4.JUnit4Provider.executeWithRerun(JUnit4Provider.java:173) [surefire-junit4-2.18.1.jar:2.18.1]
	at org.apache.maven.surefire.junit4.JUnit4Provider.executeTestSet(JUnit4Provider.java:153) [surefire-junit4-2.18.1.jar:2.18.1]
	at org.apache.maven.surefire.junit4.JUnit4Provider.invoke(JUnit4Provider.java:128) [surefire-junit4-2.18.1.jar:2.18.1]
	at org.apache.maven.surefire.booter.ForkedBooter.invokeProviderInSameClassLoader(ForkedBooter.java:203) [surefire-booter-2.18.1.jar:2.18.1]
	at org.apache.maven.surefire.booter.ForkedBooter.runSuitesInProcess(ForkedBooter.java:155) [surefire-booter-2.18.1.jar:2.18.1]
	at org.apache.maven.surefire.booter.ForkedBooter.main(ForkedBooter.java:103) [surefire-booter-2.18.1.jar:2.18.1]
Caused by: org.springframework.beans.factory.UnsatisfiedDependencyException: Error creating bean with name 'mainController': Unsatisfied dependency expressed through field 'restTemplate'; nested exception is org.springframework.beans.factory.NoSuchBeanDefinitionException: No qualifying bean of type 'org.springframework.web.client.RestTemplate' available: expected at least 1 bean which qualifies as autowire candidate. Dependency annotations: {@org.springframework.beans.factory.annotation.Autowired(required=true)}
	at org.springframework.beans.factory.annotation.AutowiredAnnotationBeanPostProcessor$AutowiredFieldElement.inject(AutowiredAnnotationBeanPostProcessor.java:588) ~[spring-beans-4.3.17.RELEASE.jar:4.3.17.RELEASE]
	at org.springframework.beans.factory.annotation.InjectionMetadata.inject(InjectionMetadata.java:88) ~[spring-beans-4.3.17.RELEASE.jar:4.3.17.RELEASE]
	at org.springframework.beans.factory.annotation.AutowiredAnnotationBeanPostProcessor.postProcessPropertyValues(AutowiredAnnotationBeanPostProcessor.java:366) ~[spring-beans-4.3.17.RELEASE.jar:4.3.17.RELEASE]
	at org.springframework.beans.factory.support.AbstractAutowireCapableBeanFactory.populateBean(AbstractAutowireCapableBeanFactory.java:1272) ~[spring-beans-4.3.17.RELEASE.jar:4.3.17.RELEASE]
	at org.springframework.beans.factory.support.AbstractAutowireCapableBeanFactory.doCreateBean(AbstractAutowireCapableBeanFactory.java:553) ~[spring-beans-4.3.17.RELEASE.jar:4.3.17.RELEASE]
	at org.springframework.beans.factory.support.AbstractAutowireCapableBeanFactory.createBean(AbstractAutowireCapableBeanFactory.java:483) ~[spring-beans-4.3.17.RELEASE.jar:4.3.17.RELEASE]
	at org.springframework.beans.factory.support.AbstractBeanFactory$1.getObject(AbstractBeanFactory.java:312) ~[spring-beans-4.3.17.RELEASE.jar:4.3.17.RELEASE]
	at org.springframework.beans.factory.support.DefaultSingletonBeanRegistry.getSingleton(DefaultSingletonBeanRegistry.java:230) ~[spring-beans-4.3.17.RELEASE.jar:4.3.17.RELEASE]
	at org.springframework.beans.factory.support.AbstractBeanFactory.doGetBean(AbstractBeanFactory.java:308) ~[spring-beans-4.3.17.RELEASE.jar:4.3.17.RELEASE]
	at org.springframework.beans.factory.support.AbstractBeanFactory.getBean(AbstractBeanFactory.java:197) ~[spring-beans-4.3.17.RELEASE.jar:4.3.17.RELEASE]
	at org.springframework.beans.factory.support.DefaultListableBeanFactory.preInstantiateSingletons(DefaultListableBeanFactory.java:761) ~[spring-beans-4.3.17.RELEASE.jar:4.3.17.RELEASE]
	at org.springframework.context.support.AbstractApplicationContext.finishBeanFactoryInitialization(AbstractApplicationContext.java:867) ~[spring-context-4.3.17.RELEASE.jar:4.3.17.RELEASE]
	at org.springframework.context.support.AbstractApplicationContext.refresh(AbstractApplicationContext.java:543) ~[spring-context-4.3.17.RELEASE.jar:4.3.17.RELEASE]
	at org.springframework.boot.SpringApplication.refresh(SpringApplication.java:693) ~[spring-boot-1.5.13.RELEASE.jar:1.5.13.RELEASE]
	at org.springframework.boot.SpringApplication.refreshContext(SpringApplication.java:360) ~[spring-boot-1.5.13.RELEASE.jar:1.5.13.RELEASE]
	at org.springframework.boot.SpringApplication.run(SpringApplication.java:303) ~[spring-boot-1.5.13.RELEASE.jar:1.5.13.RELEASE]
	at org.springframework.boot.test.context.SpringBootContextLoader.loadContext(SpringBootContextLoader.java:121) ~[spring-boot-test-1.5.13.RELEASE.jar:1.5.13.RELEASE]
	at org.springframework.test.context.cache.DefaultCacheAwareContextLoaderDelegate.loadContextInternal(DefaultCacheAwareContextLoaderDelegate.java:98) ~[spring-test-4.3.17.RELEASE.jar:4.3.17.RELEASE]
	at org.springframework.test.context.cache.DefaultCacheAwareContextLoaderDelegate.loadContext(DefaultCacheAwareContextLoaderDelegate.java:116) ~[spring-test-4.3.17.RELEASE.jar:4.3.17.RELEASE]
	... 26 common frames omitted
Caused by: org.springframework.beans.factory.NoSuchBeanDefinitionException: No qualifying bean of type 'org.springframework.web.client.RestTemplate' available: expected at least 1 bean which qualifies as autowire candidate. Dependency annotations: {@org.springframework.beans.factory.annotation.Autowired(required=true)}
	at org.springframework.beans.factory.support.DefaultListableBeanFactory.raiseNoMatchingBeanFound(DefaultListableBeanFactory.java:1493) ~[spring-beans-4.3.17.RELEASE.jar:4.3.17.RELEASE]
	at org.springframework.beans.factory.support.DefaultListableBeanFactory.doResolveDependency(DefaultListableBeanFactory.java:1104) ~[spring-beans-4.3.17.RELEASE.jar:4.3.17.RELEASE]
	at org.springframework.beans.factory.support.DefaultListableBeanFactory.resolveDependency(DefaultListableBeanFactory.java:1066) ~[spring-beans-4.3.17.RELEASE.jar:4.3.17.RELEASE]
	at org.springframework.beans.factory.annotation.AutowiredAnnotationBeanPostProcessor$AutowiredFieldElement.inject(AutowiredAnnotationBeanPostProcessor.java:585) ~[spring-beans-4.3.17.RELEASE.jar:4.3.17.RELEASE]
	... 44 common frames omitted

]]></system-out>
  </testcase>
</testsuite>